mode: set
github.com/SETTER2000/shorturl/pkg/log/logger/logger.go:29.32,32.32 2 0
github.com/SETTER2000/shorturl/pkg/log/logger/logger.go:45.2,52.3 4 0
github.com/SETTER2000/shorturl/pkg/log/logger/logger.go:33.15,34.25 1 0
github.com/SETTER2000/shorturl/pkg/log/logger/logger.go:35.14,36.24 1 0
github.com/SETTER2000/shorturl/pkg/log/logger/logger.go:37.14,38.24 1 0
github.com/SETTER2000/shorturl/pkg/log/logger/logger.go:39.15,40.25 1 0
github.com/SETTER2000/shorturl/pkg/log/logger/logger.go:41.10,42.24 1 0
github.com/SETTER2000/shorturl/pkg/log/logger/logger.go:56.66,58.2 1 0
github.com/SETTER2000/shorturl/pkg/log/logger/logger.go:61.60,63.2 1 0
github.com/SETTER2000/shorturl/pkg/log/logger/logger.go:66.60,68.2 1 0
github.com/SETTER2000/shorturl/pkg/log/logger/logger.go:71.66,72.47 1 0
github.com/SETTER2000/shorturl/pkg/log/logger/logger.go:76.2,76.34 1 0
github.com/SETTER2000/shorturl/pkg/log/logger/logger.go:72.47,74.3 1 0
github.com/SETTER2000/shorturl/pkg/log/logger/logger.go:80.66,84.2 2 0
github.com/SETTER2000/shorturl/pkg/log/logger/logger.go:86.59,87.20 1 0
github.com/SETTER2000/shorturl/pkg/log/logger/logger.go:87.20,89.3 1 0
github.com/SETTER2000/shorturl/pkg/log/logger/logger.go:89.8,91.3 1 0
github.com/SETTER2000/shorturl/pkg/log/logger/logger.go:94.78,95.31 1 0
github.com/SETTER2000/shorturl/pkg/log/logger/logger.go:96.13,97.30 1 0
github.com/SETTER2000/shorturl/pkg/log/logger/logger.go:98.14,99.22 1 0
github.com/SETTER2000/shorturl/pkg/log/logger/logger.go:100.10,101.88 1 0
github.com/SETTER2000/shorturl/internal/controller/http/v1/router.go:25.94,56.46 14 0
github.com/SETTER2000/shorturl/internal/controller/http/v1/router.go:64.2,64.48 1 0
github.com/SETTER2000/shorturl/internal/controller/http/v1/router.go:56.46,61.3 3 0
github.com/SETTER2000/shorturl/internal/controller/http/v1/router.go:64.48,66.3 1 0
github.com/SETTER2000/shorturl/internal/controller/http/v1/router.go:67.2,69.3 1 0
github.com/SETTER2000/shorturl/internal/controller/http/v1/shorturl.go:32.104,34.44 2 0
github.com/SETTER2000/shorturl/internal/controller/http/v1/shorturl.go:38.2,38.47 1 0
github.com/SETTER2000/shorturl/internal/controller/http/v1/shorturl.go:34.44,37.3 2 0
github.com/SETTER2000/shorturl/internal/controller/http/v1/shorturl.go:38.47,41.3 2 0
github.com/SETTER2000/shorturl/internal/controller/http/v1/shorturl.go:54.78,59.16 5 0
github.com/SETTER2000/shorturl/internal/controller/http/v1/shorturl.go:65.2,65.12 1 0
github.com/SETTER2000/shorturl/internal/controller/http/v1/shorturl.go:70.2,73.45 4 0
github.com/SETTER2000/shorturl/internal/controller/http/v1/shorturl.go:59.16,63.3 3 0
github.com/SETTER2000/shorturl/internal/controller/http/v1/shorturl.go:65.12,68.3 2 0
github.com/SETTER2000/shorturl/internal/controller/http/v1/shorturl.go:79.78,81.22 2 0
github.com/SETTER2000/shorturl/internal/controller/http/v1/shorturl.go:81.22,83.16 2 0
github.com/SETTER2000/shorturl/internal/controller/http/v1/shorturl.go:83.16,87.4 3 0
github.com/SETTER2000/shorturl/internal/controller/http/v1/shorturl.go:88.8,90.17 2 0
github.com/SETTER2000/shorturl/internal/controller/http/v1/shorturl.go:94.3,98.35 4 0
github.com/SETTER2000/shorturl/internal/controller/http/v1/shorturl.go:90.17,93.4 2 0
github.com/SETTER2000/shorturl/internal/controller/http/v1/shorturl.go:111.79,114.16 3 0
github.com/SETTER2000/shorturl/internal/controller/http/v1/shorturl.go:118.2,122.16 5 0
github.com/SETTER2000/shorturl/internal/controller/http/v1/shorturl.go:139.2,142.22 4 0
github.com/SETTER2000/shorturl/internal/controller/http/v1/shorturl.go:114.16,117.3 2 0
github.com/SETTER2000/shorturl/internal/controller/http/v1/shorturl.go:122.16,123.44 1 0
github.com/SETTER2000/shorturl/internal/controller/http/v1/shorturl.go:123.44,126.18 3 0
github.com/SETTER2000/shorturl/internal/controller/http/v1/shorturl.go:131.4,133.40 3 0
github.com/SETTER2000/shorturl/internal/controller/http/v1/shorturl.go:126.18,130.5 3 0
github.com/SETTER2000/shorturl/internal/controller/http/v1/shorturl.go:134.9,137.4 2 0
github.com/SETTER2000/shorturl/internal/controller/http/v1/shorturl.go:146.75,149.19 3 0
github.com/SETTER2000/shorturl/internal/controller/http/v1/shorturl.go:152.2,154.16 3 0
github.com/SETTER2000/shorturl/internal/controller/http/v1/shorturl.go:160.2,161.16 2 0
github.com/SETTER2000/shorturl/internal/controller/http/v1/shorturl.go:165.2,167.27 3 0
github.com/SETTER2000/shorturl/internal/controller/http/v1/shorturl.go:172.2,172.16 1 0
github.com/SETTER2000/shorturl/internal/controller/http/v1/shorturl.go:149.19,151.3 1 0
github.com/SETTER2000/shorturl/internal/controller/http/v1/shorturl.go:154.16,158.3 3 0
github.com/SETTER2000/shorturl/internal/controller/http/v1/shorturl.go:161.16,164.3 2 0
github.com/SETTER2000/shorturl/internal/controller/http/v1/shorturl.go:167.27,169.3 1 0
github.com/SETTER2000/shorturl/internal/controller/http/v1/shorturl.go:169.8,171.3 1 0
github.com/SETTER2000/shorturl/internal/controller/http/v1/shorturl.go:184.78,189.16 5 0
github.com/SETTER2000/shorturl/internal/controller/http/v1/shorturl.go:193.2,194.52 2 0
github.com/SETTER2000/shorturl/internal/controller/http/v1/shorturl.go:198.2,200.16 2 0
github.com/SETTER2000/shorturl/internal/controller/http/v1/shorturl.go:216.2,218.16 3 0
github.com/SETTER2000/shorturl/internal/controller/http/v1/shorturl.go:222.2,224.16 3 0
github.com/SETTER2000/shorturl/internal/controller/http/v1/shorturl.go:189.16,192.3 2 0
github.com/SETTER2000/shorturl/internal/controller/http/v1/shorturl.go:194.52,195.13 1 0
github.com/SETTER2000/shorturl/internal/controller/http/v1/shorturl.go:200.16,201.44 1 0
github.com/SETTER2000/shorturl/internal/controller/http/v1/shorturl.go:201.44,205.18 4 0
github.com/SETTER2000/shorturl/internal/controller/http/v1/shorturl.go:208.4,210.40 3 0
github.com/SETTER2000/shorturl/internal/controller/http/v1/shorturl.go:205.18,207.5 1 0
github.com/SETTER2000/shorturl/internal/controller/http/v1/shorturl.go:211.9,214.4 2 0
github.com/SETTER2000/shorturl/internal/controller/http/v1/shorturl.go:218.16,221.3 2 0
github.com/SETTER2000/shorturl/internal/controller/http/v1/shorturl.go:227.76,232.16 5 0
github.com/SETTER2000/shorturl/internal/controller/http/v1/shorturl.go:236.2,236.64 1 0
github.com/SETTER2000/shorturl/internal/controller/http/v1/shorturl.go:240.2,242.39 3 0
github.com/SETTER2000/shorturl/internal/controller/http/v1/shorturl.go:259.2,260.16 2 0
github.com/SETTER2000/shorturl/internal/controller/http/v1/shorturl.go:264.2,266.16 3 0
github.com/SETTER2000/shorturl/internal/controller/http/v1/shorturl.go:232.16,235.3 2 0
github.com/SETTER2000/shorturl/internal/controller/http/v1/shorturl.go:236.64,237.13 1 0
github.com/SETTER2000/shorturl/internal/controller/http/v1/shorturl.go:242.39,246.17 4 0
github.com/SETTER2000/shorturl/internal/controller/http/v1/shorturl.go:254.3,256.22 3 0
github.com/SETTER2000/shorturl/internal/controller/http/v1/shorturl.go:246.17,247.45 1 0
github.com/SETTER2000/shorturl/internal/controller/http/v1/shorturl.go:251.4,252.10 2 0
github.com/SETTER2000/shorturl/internal/controller/http/v1/shorturl.go:247.45,250.5 2 0
github.com/SETTER2000/shorturl/internal/controller/http/v1/shorturl.go:260.16,263.3 2 0
github.com/SETTER2000/shorturl/internal/controller/http/v1/shorturl.go:275.78,278.16 3 0
github.com/SETTER2000/shorturl/internal/controller/http/v1/shorturl.go:282.2,282.52 1 0
github.com/SETTER2000/shorturl/internal/controller/http/v1/shorturl.go:286.2,288.19 3 0
github.com/SETTER2000/shorturl/internal/controller/http/v1/shorturl.go:291.2,298.25 5 0
github.com/SETTER2000/shorturl/internal/controller/http/v1/shorturl.go:303.2,305.37 3 0
github.com/SETTER2000/shorturl/internal/controller/http/v1/shorturl.go:312.2,312.37 1 0
github.com/SETTER2000/shorturl/internal/controller/http/v1/shorturl.go:329.2,331.26 3 0
github.com/SETTER2000/shorturl/internal/controller/http/v1/shorturl.go:278.16,281.3 2 0
github.com/SETTER2000/shorturl/internal/controller/http/v1/shorturl.go:282.52,283.13 1 0
github.com/SETTER2000/shorturl/internal/controller/http/v1/shorturl.go:288.19,290.3 1 0
github.com/SETTER2000/shorturl/internal/controller/http/v1/shorturl.go:298.25,301.3 2 0
github.com/SETTER2000/shorturl/internal/controller/http/v1/shorturl.go:305.37,309.3 3 0
github.com/SETTER2000/shorturl/internal/controller/http/v1/shorturl.go:312.37,314.3 1 0
github.com/SETTER2000/shorturl/internal/controller/http/v1/shorturl.go:334.79,339.12 4 0
github.com/SETTER2000/shorturl/internal/controller/http/v1/shorturl.go:360.2,362.37 3 0
github.com/SETTER2000/shorturl/internal/controller/http/v1/shorturl.go:369.2,369.37 1 0
github.com/SETTER2000/shorturl/internal/controller/http/v1/shorturl.go:373.2,375.26 3 0
github.com/SETTER2000/shorturl/internal/controller/http/v1/shorturl.go:339.12,341.17 2 0
github.com/SETTER2000/shorturl/internal/controller/http/v1/shorturl.go:345.3,345.54 1 0
github.com/SETTER2000/shorturl/internal/controller/http/v1/shorturl.go:348.3,350.20 3 0
github.com/SETTER2000/shorturl/internal/controller/http/v1/shorturl.go:353.3,356.17 4 0
github.com/SETTER2000/shorturl/internal/controller/http/v1/shorturl.go:341.17,344.4 2 0
github.com/SETTER2000/shorturl/internal/controller/http/v1/shorturl.go:345.54,346.14 1 0
github.com/SETTER2000/shorturl/internal/controller/http/v1/shorturl.go:350.20,352.4 1 0
github.com/SETTER2000/shorturl/internal/controller/http/v1/shorturl.go:362.37,366.3 3 0
github.com/SETTER2000/shorturl/internal/controller/http/v1/shorturl.go:369.37,371.3 1 0
github.com/SETTER2000/shorturl/internal/controller/http/v1/shorturl.go:378.83,379.12 1 0
github.com/SETTER2000/shorturl/internal/controller/http/v1/shorturl.go:388.2,388.35 1 0
github.com/SETTER2000/shorturl/internal/controller/http/v1/shorturl.go:379.12,381.24 2 0
github.com/SETTER2000/shorturl/internal/controller/http/v1/shorturl.go:386.3,386.13 1 0
github.com/SETTER2000/shorturl/internal/controller/http/v1/shorturl.go:381.24,385.4 3 0
github.com/SETTER2000/shorturl/internal/controller/http/v1/shorturl.go:390.59,394.12 2 0
github.com/SETTER2000/shorturl/internal/controller/http/v1/shorturl.go:412.2,412.14 1 0
github.com/SETTER2000/shorturl/internal/controller/http/v1/shorturl.go:394.12,397.36 2 0
github.com/SETTER2000/shorturl/internal/controller/http/v1/shorturl.go:408.3,409.15 2 0
github.com/SETTER2000/shorturl/internal/controller/http/v1/shorturl.go:397.36,400.38 2 0
github.com/SETTER2000/shorturl/internal/controller/http/v1/shorturl.go:400.38,402.31 2 0
github.com/SETTER2000/shorturl/internal/controller/http/v1/shorturl.go:402.31,404.6 1 0
github.com/SETTER2000/shorturl/internal/controller/http/v1/shorturl.go:415.65,417.25 2 0
github.com/SETTER2000/shorturl/internal/controller/http/v1/shorturl.go:422.2,422.12 1 0
github.com/SETTER2000/shorturl/internal/controller/http/v1/shorturl.go:444.2,444.12 1 0
github.com/SETTER2000/shorturl/internal/controller/http/v1/shorturl.go:417.25,420.3 2 0
github.com/SETTER2000/shorturl/internal/controller/http/v1/shorturl.go:422.12,423.38 1 0
github.com/SETTER2000/shorturl/internal/controller/http/v1/shorturl.go:429.3,429.21 1 0
github.com/SETTER2000/shorturl/internal/controller/http/v1/shorturl.go:423.38,424.27 1 0
github.com/SETTER2000/shorturl/internal/controller/http/v1/shorturl.go:424.27,426.5 1 0
github.com/SETTER2000/shorturl/internal/controller/http/v1/shorturl.go:429.21,430.21 1 0
github.com/SETTER2000/shorturl/internal/controller/http/v1/shorturl.go:434.4,435.11 2 0
github.com/SETTER2000/shorturl/internal/controller/http/v1/shorturl.go:439.4,440.13 2 0
github.com/SETTER2000/shorturl/internal/controller/http/v1/shorturl.go:430.21,432.5 1 0
github.com/SETTER2000/shorturl/internal/controller/http/v1/shorturl.go:435.11,437.5 1 0
github.com/SETTER2000/shorturl/internal/server/options.go:20.31,21.25 1 0
github.com/SETTER2000/shorturl/internal/server/options.go:21.25,24.3 2 0
github.com/SETTER2000/shorturl/internal/server/options.go:28.48,29.25 1 0
github.com/SETTER2000/shorturl/internal/server/options.go:29.25,31.3 1 0
github.com/SETTER2000/shorturl/internal/server/options.go:35.49,36.25 1 0
github.com/SETTER2000/shorturl/internal/server/options.go:36.25,38.3 1 0
github.com/SETTER2000/shorturl/internal/server/options.go:42.52,43.25 1 0
github.com/SETTER2000/shorturl/internal/server/options.go:43.25,45.3 1 0
github.com/SETTER2000/shorturl/internal/app/app.go:28.30,36.70 5 0
github.com/SETTER2000/shorturl/internal/app/app.go:53.2,62.9 7 0
github.com/SETTER2000/shorturl/internal/app/app.go:72.2,75.16 3 0
github.com/SETTER2000/shorturl/internal/app/app.go:36.70,37.28 1 0
github.com/SETTER2000/shorturl/internal/app/app.go:37.28,40.4 2 0
github.com/SETTER2000/shorturl/internal/app/app.go:40.9,43.56 3 0
github.com/SETTER2000/shorturl/internal/app/app.go:43.56,45.5 1 0
github.com/SETTER2000/shorturl/internal/app/app.go:47.8,50.3 2 0
github.com/SETTER2000/shorturl/internal/app/app.go:63.24,64.55 1 0
github.com/SETTER2000/shorturl/internal/app/app.go:67.3,67.46 1 0
github.com/SETTER2000/shorturl/internal/app/app.go:68.36,69.64 1 0
github.com/SETTER2000/shorturl/internal/app/app.go:64.55,66.4 1 0
github.com/SETTER2000/shorturl/internal/app/app.go:75.16,77.3 1 0
github.com/SETTER2000/shorturl/internal/app/app.go:80.16,84.2 3 0
github.com/SETTER2000/shorturl/cmd/shortener/main.go:23.13,26.16 2 0
github.com/SETTER2000/shorturl/cmd/shortener/main.go:32.2,32.23 1 0
github.com/SETTER2000/shorturl/cmd/shortener/main.go:47.2,49.23 2 0
github.com/SETTER2000/shorturl/cmd/shortener/main.go:26.16,29.3 2 0
github.com/SETTER2000/shorturl/cmd/shortener/main.go:32.23,34.17 2 0
github.com/SETTER2000/shorturl/cmd/shortener/main.go:37.3,38.50 2 0
github.com/SETTER2000/shorturl/cmd/shortener/main.go:41.3,41.31 1 0
github.com/SETTER2000/shorturl/cmd/shortener/main.go:34.17,36.4 1 0
github.com/SETTER2000/shorturl/cmd/shortener/main.go:38.50,40.4 1 0
github.com/SETTER2000/shorturl/cmd/shortener/main.go:49.23,51.17 2 0
github.com/SETTER2000/shorturl/cmd/shortener/main.go:54.3,56.51 3 0
github.com/SETTER2000/shorturl/cmd/shortener/main.go:51.17,53.4 1 0
github.com/SETTER2000/shorturl/cmd/shortener/main.go:56.51,58.4 1 0
github.com/SETTER2000/shorturl/config/config.go:69.35,74.16 3 0
github.com/SETTER2000/shorturl/config/config.go:79.2,85.22 6 0
github.com/SETTER2000/shorturl/config/config.go:91.2,95.16 3 0
github.com/SETTER2000/shorturl/config/config.go:98.2,98.17 1 0
github.com/SETTER2000/shorturl/config/config.go:74.16,76.3 1 0
github.com/SETTER2000/shorturl/config/config.go:85.22,88.3 2 0
github.com/SETTER2000/shorturl/config/config.go:95.16,97.3 1 0
github.com/SETTER2000/shorturl/internal/usecase/repo/shorturl_sql.go:42.42,50.2 1 0
github.com/SETTER2000/shorturl/internal/usecase/repo/shorturl_sql.go:53.54,58.2 2 0
github.com/SETTER2000/shorturl/internal/usecase/repo/shorturl_sql.go:61.70,63.16 2 0
github.com/SETTER2000/shorturl/internal/usecase/repo/shorturl_sql.go:67.2,68.42 2 0
github.com/SETTER2000/shorturl/internal/usecase/repo/shorturl_sql.go:74.2,74.12 1 0
github.com/SETTER2000/shorturl/internal/usecase/repo/shorturl_sql.go:63.16,65.3 1 0
github.com/SETTER2000/shorturl/internal/usecase/repo/shorturl_sql.go:68.42,69.44 1 0
github.com/SETTER2000/shorturl/internal/usecase/repo/shorturl_sql.go:69.44,71.4 1 0
github.com/SETTER2000/shorturl/internal/usecase/repo/shorturl_sql.go:78.69,80.2 1 0
github.com/SETTER2000/shorturl/internal/usecase/repo/shorturl_sql.go:83.54,88.2 2 0
github.com/SETTER2000/shorturl/internal/usecase/repo/shorturl_sql.go:91.89,95.16 4 0
github.com/SETTER2000/shorturl/internal/usecase/repo/shorturl_sql.go:98.2,99.18 2 0
github.com/SETTER2000/shorturl/internal/usecase/repo/shorturl_sql.go:105.2,106.16 2 0
github.com/SETTER2000/shorturl/internal/usecase/repo/shorturl_sql.go:110.2,114.16 5 0
github.com/SETTER2000/shorturl/internal/usecase/repo/shorturl_sql.go:95.16,97.3 1 0
github.com/SETTER2000/shorturl/internal/usecase/repo/shorturl_sql.go:99.18,101.17 2 0
github.com/SETTER2000/shorturl/internal/usecase/repo/shorturl_sql.go:101.17,103.4 1 0
github.com/SETTER2000/shorturl/internal/usecase/repo/shorturl_sql.go:106.16,108.3 1 0
github.com/SETTER2000/shorturl/internal/usecase/repo/shorturl_sql.go:118.83,122.16 4 0
github.com/SETTER2000/shorturl/internal/usecase/repo/shorturl_sql.go:127.2,128.18 2 0
github.com/SETTER2000/shorturl/internal/usecase/repo/shorturl_sql.go:137.2,137.34 1 0
github.com/SETTER2000/shorturl/internal/usecase/repo/shorturl_sql.go:140.2,140.15 1 0
github.com/SETTER2000/shorturl/internal/usecase/repo/shorturl_sql.go:122.16,125.3 2 0
github.com/SETTER2000/shorturl/internal/usecase/repo/shorturl_sql.go:128.18,130.17 2 0
github.com/SETTER2000/shorturl/internal/usecase/repo/shorturl_sql.go:133.3,135.29 3 0
github.com/SETTER2000/shorturl/internal/usecase/repo/shorturl_sql.go:130.17,132.4 1 0
github.com/SETTER2000/shorturl/internal/usecase/repo/shorturl_sql.go:137.34,139.3 1 0
github.com/SETTER2000/shorturl/internal/usecase/repo/shorturl_sql.go:144.67,150.16 3 0
github.com/SETTER2000/shorturl/internal/usecase/repo/shorturl_sql.go:154.2,154.34 1 0
github.com/SETTER2000/shorturl/internal/usecase/repo/shorturl_sql.go:157.2,157.12 1 0
github.com/SETTER2000/shorturl/internal/usecase/repo/shorturl_sql.go:150.16,153.3 2 0
github.com/SETTER2000/shorturl/internal/usecase/repo/shorturl_sql.go:154.34,156.3 1 0
github.com/SETTER2000/shorturl/internal/usecase/repo/shorturl_sql.go:161.48,164.16 3 0
github.com/SETTER2000/shorturl/internal/usecase/repo/shorturl_sql.go:168.2,184.16 6 0
github.com/SETTER2000/shorturl/internal/usecase/repo/shorturl_sql.go:187.2,187.11 1 0
github.com/SETTER2000/shorturl/internal/usecase/repo/shorturl_sql.go:164.16,167.3 2 0
github.com/SETTER2000/shorturl/internal/usecase/repo/shorturl_sql.go:184.16,185.13 1 0
github.com/SETTER2000/shorturl/internal/usecase/repo/shorturl_sql.go:191.30,193.2 1 0
github.com/SETTER2000/shorturl/internal/usecase/repo/shorturl_sql.go:196.30,198.2 1 0
github.com/SETTER2000/shorturl/pkg/compress/gzip/gzip.go:21.50,24.2 1 0
github.com/SETTER2000/shorturl/pkg/compress/gzip/gzip.go:33.68,34.32 1 0
github.com/SETTER2000/shorturl/pkg/compress/gzip/gzip.go:34.32,37.3 2 0
github.com/SETTER2000/shorturl/pkg/compress/gzip/gzip.go:41.71,42.41 1 0
github.com/SETTER2000/shorturl/pkg/compress/gzip/gzip.go:45.2,45.10 1 0
github.com/SETTER2000/shorturl/pkg/compress/gzip/gzip.go:42.41,44.3 1 0
github.com/SETTER2000/shorturl/pkg/compress/gzip/gzip.go:49.51,50.71 1 0
github.com/SETTER2000/shorturl/pkg/compress/gzip/gzip.go:50.71,53.65 1 0
github.com/SETTER2000/shorturl/pkg/compress/gzip/gzip.go:60.3,61.17 2 0
github.com/SETTER2000/shorturl/pkg/compress/gzip/gzip.go:65.3,68.63 3 0
github.com/SETTER2000/shorturl/pkg/compress/gzip/gzip.go:53.65,58.4 3 0
github.com/SETTER2000/shorturl/pkg/compress/gzip/gzip.go:61.17,64.4 2 0
github.com/SETTER2000/shorturl/pkg/compress/gzip/gzip.go:73.53,74.71 1 0
github.com/SETTER2000/shorturl/pkg/compress/gzip/gzip.go:74.71,76.49 1 0
github.com/SETTER2000/shorturl/pkg/compress/gzip/gzip.go:85.3,85.23 1 0
github.com/SETTER2000/shorturl/pkg/compress/gzip/gzip.go:76.49,78.18 2 0
github.com/SETTER2000/shorturl/pkg/compress/gzip/gzip.go:82.4,83.20 2 0
github.com/SETTER2000/shorturl/pkg/compress/gzip/gzip.go:78.18,81.5 2 0
github.com/SETTER2000/shorturl/internal/server/server.go:25.56,40.27 3 0
github.com/SETTER2000/shorturl/internal/server/server.go:44.2,46.10 2 0
github.com/SETTER2000/shorturl/internal/server/server.go:40.27,42.3 1 0
github.com/SETTER2000/shorturl/internal/server/server.go:49.26,50.12 1 0
github.com/SETTER2000/shorturl/internal/server/server.go:50.12,53.3 2 0
github.com/SETTER2000/shorturl/internal/server/server.go:57.40,59.2 1 0
github.com/SETTER2000/shorturl/internal/server/server.go:62.35,67.2 3 0
github.com/SETTER2000/shorturl/scripts/utils.go:14.35,21.16 5 1
github.com/SETTER2000/shorturl/scripts/utils.go:25.2,28.30 4 1
github.com/SETTER2000/shorturl/scripts/utils.go:31.2,31.40 1 1
github.com/SETTER2000/shorturl/scripts/utils.go:34.2,34.20 1 1
github.com/SETTER2000/shorturl/scripts/utils.go:21.16,23.3 1 1
github.com/SETTER2000/shorturl/scripts/utils.go:28.30,30.3 1 1
github.com/SETTER2000/shorturl/scripts/utils.go:31.40,33.3 1 1
github.com/SETTER2000/shorturl/scripts/utils.go:39.28,41.2 1 0
github.com/SETTER2000/shorturl/scripts/utils.go:44.55,46.2 1 1
github.com/SETTER2000/shorturl/scripts/utils.go:52.65,54.22 2 1
github.com/SETTER2000/shorturl/scripts/utils.go:61.2,61.13 1 1
github.com/SETTER2000/shorturl/scripts/utils.go:54.22,56.16 2 1
github.com/SETTER2000/shorturl/scripts/utils.go:56.16,59.4 2 1
github.com/SETTER2000/shorturl/internal/usecase/shorturl.go:25.43,29.2 1 0
github.com/SETTER2000/shorturl/internal/usecase/shorturl.go:32.94,35.16 3 0
github.com/SETTER2000/shorturl/internal/usecase/shorturl.go:38.2,38.21 1 0
github.com/SETTER2000/shorturl/internal/usecase/shorturl.go:35.16,37.3 1 0
github.com/SETTER2000/shorturl/internal/usecase/shorturl.go:42.95,46.16 3 0
github.com/SETTER2000/shorturl/internal/usecase/shorturl.go:49.2,49.21 1 0
github.com/SETTER2000/shorturl/internal/usecase/shorturl.go:46.16,48.3 1 0
github.com/SETTER2000/shorturl/internal/usecase/shorturl.go:53.106,56.16 3 0
github.com/SETTER2000/shorturl/internal/usecase/shorturl.go:59.2,59.27 1 0
github.com/SETTER2000/shorturl/internal/usecase/shorturl.go:56.16,58.3 1 0
github.com/SETTER2000/shorturl/internal/usecase/shorturl.go:63.99,65.16 2 0
github.com/SETTER2000/shorturl/internal/usecase/shorturl.go:68.2,68.27 1 0
github.com/SETTER2000/shorturl/internal/usecase/shorturl.go:65.16,67.3 1 0
github.com/SETTER2000/shorturl/internal/usecase/shorturl.go:72.83,74.16 2 0
github.com/SETTER2000/shorturl/internal/usecase/shorturl.go:77.2,77.12 1 0
github.com/SETTER2000/shorturl/internal/usecase/shorturl.go:74.16,76.3 1 0
github.com/SETTER2000/shorturl/internal/usecase/shorturl.go:81.48,83.16 2 0
github.com/SETTER2000/shorturl/internal/usecase/shorturl.go:86.2,86.12 1 0
github.com/SETTER2000/shorturl/internal/usecase/shorturl.go:83.16,85.3 1 0
github.com/SETTER2000/shorturl/internal/usecase/shorturl.go:90.48,92.16 2 0
github.com/SETTER2000/shorturl/internal/usecase/shorturl.go:95.2,95.12 1 0
github.com/SETTER2000/shorturl/internal/usecase/shorturl.go:92.16,94.3 1 0
github.com/SETTER2000/shorturl/internal/usecase/repo/error.go:24.37,26.2 1 0
github.com/SETTER2000/shorturl/internal/usecase/repo/error.go:29.36,34.2 1 0
github.com/SETTER2000/shorturl/internal/usecase/repo/error.go:37.37,39.2 1 0
github.com/SETTER2000/shorturl/internal/usecase/repo/error.go:42.41,44.2 1 0
github.com/SETTER2000/shorturl/internal/usecase/repo/error.go:53.51,58.2 1 0
github.com/SETTER2000/shorturl/internal/usecase/repo/error.go:61.38,63.2 1 0
github.com/SETTER2000/shorturl/internal/usecase/repo/error.go:66.38,68.2 1 0
github.com/SETTER2000/shorturl/internal/usecase/repo/error.go:71.42,73.2 1 0
github.com/SETTER2000/shorturl/internal/usecase/repo/error.go:83.66,89.2 1 0
github.com/SETTER2000/shorturl/internal/usecase/repo/error.go:92.41,94.2 1 0
github.com/SETTER2000/shorturl/internal/usecase/repo/error.go:97.41,99.2 1 0
github.com/SETTER2000/shorturl/internal/usecase/repo/error.go:102.45,104.2 1 0
github.com/SETTER2000/shorturl/internal/usecase/repo/shorturl_files.go:44.46,53.2 1 0
github.com/SETTER2000/shorturl/internal/usecase/repo/shorturl_files.go:56.48,62.2 2 0
github.com/SETTER2000/shorturl/internal/usecase/repo/shorturl_files.go:64.51,67.2 2 0
github.com/SETTER2000/shorturl/internal/usecase/repo/shorturl_files.go:70.72,74.2 1 0
github.com/SETTER2000/shorturl/internal/usecase/repo/shorturl_files.go:77.71,79.12 2 0
github.com/SETTER2000/shorturl/internal/usecase/repo/shorturl_files.go:83.2,83.26 1 0
github.com/SETTER2000/shorturl/internal/usecase/repo/shorturl_files.go:88.2,88.24 1 0
github.com/SETTER2000/shorturl/internal/usecase/repo/shorturl_files.go:79.12,82.3 2 0
github.com/SETTER2000/shorturl/internal/usecase/repo/shorturl_files.go:83.26,84.40 1 0
github.com/SETTER2000/shorturl/internal/usecase/repo/shorturl_files.go:84.40,86.4 1 0
github.com/SETTER2000/shorturl/internal/usecase/repo/shorturl_files.go:92.34,94.2 1 0
github.com/SETTER2000/shorturl/internal/usecase/repo/shorturl_files.go:97.48,103.2 2 0
github.com/SETTER2000/shorturl/internal/usecase/repo/shorturl_files.go:106.91,108.2 1 0
github.com/SETTER2000/shorturl/internal/usecase/repo/shorturl_files.go:110.76,111.39 1 0
github.com/SETTER2000/shorturl/internal/usecase/repo/shorturl_files.go:120.2,120.16 1 0
github.com/SETTER2000/shorturl/internal/usecase/repo/shorturl_files.go:111.39,112.28 1 0
github.com/SETTER2000/shorturl/internal/usecase/repo/shorturl_files.go:112.28,117.9 5 0
github.com/SETTER2000/shorturl/internal/usecase/repo/shorturl_files.go:124.79,126.26 2 0
github.com/SETTER2000/shorturl/internal/usecase/repo/shorturl_files.go:131.2,131.31 1 0
github.com/SETTER2000/shorturl/internal/usecase/repo/shorturl_files.go:139.2,139.16 1 0
github.com/SETTER2000/shorturl/internal/usecase/repo/shorturl_files.go:126.26,127.33 1 0
github.com/SETTER2000/shorturl/internal/usecase/repo/shorturl_files.go:127.33,129.4 1 0
github.com/SETTER2000/shorturl/internal/usecase/repo/shorturl_files.go:131.31,132.28 1 0
github.com/SETTER2000/shorturl/internal/usecase/repo/shorturl_files.go:132.28,136.9 4 0
github.com/SETTER2000/shorturl/internal/usecase/repo/shorturl_files.go:141.34,143.6 2 0
github.com/SETTER2000/shorturl/internal/usecase/repo/shorturl_files.go:152.2,152.12 1 0
github.com/SETTER2000/shorturl/internal/usecase/repo/shorturl_files.go:143.6,144.49 1 0
github.com/SETTER2000/shorturl/internal/usecase/repo/shorturl_files.go:150.3,150.47 1 0
github.com/SETTER2000/shorturl/internal/usecase/repo/shorturl_files.go:144.49,145.21 1 0
github.com/SETTER2000/shorturl/internal/usecase/repo/shorturl_files.go:148.4,148.14 1 0
github.com/SETTER2000/shorturl/internal/usecase/repo/shorturl_files.go:145.21,146.10 1 0
github.com/SETTER2000/shorturl/internal/usecase/repo/shorturl_files.go:154.70,157.31 3 0
github.com/SETTER2000/shorturl/internal/usecase/repo/shorturl_files.go:164.2,164.15 1 0
github.com/SETTER2000/shorturl/internal/usecase/repo/shorturl_files.go:157.31,158.31 1 0
github.com/SETTER2000/shorturl/internal/usecase/repo/shorturl_files.go:158.31,162.4 3 0
github.com/SETTER2000/shorturl/internal/usecase/repo/shorturl_files.go:168.85,172.2 1 0
github.com/SETTER2000/shorturl/internal/usecase/repo/shorturl_files.go:175.32,176.6 1 0
github.com/SETTER2000/shorturl/internal/usecase/repo/shorturl_files.go:185.2,185.12 1 0
github.com/SETTER2000/shorturl/internal/usecase/repo/shorturl_files.go:176.6,177.50 1 0
github.com/SETTER2000/shorturl/internal/usecase/repo/shorturl_files.go:177.50,178.21 1 0
github.com/SETTER2000/shorturl/internal/usecase/repo/shorturl_files.go:181.4,181.14 1 0
github.com/SETTER2000/shorturl/internal/usecase/repo/shorturl_files.go:178.21,179.10 1 0
github.com/SETTER2000/shorturl/internal/usecase/repo/shorturl_files.go:189.32,192.16 2 0
github.com/SETTER2000/shorturl/internal/usecase/repo/shorturl_files.go:196.2,197.16 2 0
github.com/SETTER2000/shorturl/internal/usecase/repo/shorturl_files.go:201.2,201.32 1 0
github.com/SETTER2000/shorturl/internal/usecase/repo/shorturl_files.go:192.16,194.3 1 0
github.com/SETTER2000/shorturl/internal/usecase/repo/shorturl_files.go:197.16,199.3 1 0
github.com/SETTER2000/shorturl/internal/usecase/repo/shorturl_files.go:205.69,209.2 1 0
github.com/SETTER2000/shorturl/internal/usecase/repo/shorturl_files.go:211.48,212.42 1 0
github.com/SETTER2000/shorturl/internal/usecase/repo/shorturl_files.go:220.2,220.12 1 0
github.com/SETTER2000/shorturl/internal/usecase/repo/shorturl_files.go:212.42,213.34 1 0
github.com/SETTER2000/shorturl/internal/usecase/repo/shorturl_files.go:213.34,214.37 1 0
github.com/SETTER2000/shorturl/internal/usecase/repo/shorturl_files.go:214.37,217.5 1 0
github.com/SETTER2000/shorturl/internal/usecase/repo/shorturl_files.go:224.34,226.2 1 0
github.com/SETTER2000/shorturl/internal/usecase/encryp/encryp.go:31.58,32.71 1 0
github.com/SETTER2000/shorturl/internal/usecase/encryp/encryp.go:32.71,37.30 5 0
github.com/SETTER2000/shorturl/internal/usecase/encryp/encryp.go:60.3,61.17 2 0
github.com/SETTER2000/shorturl/internal/usecase/encryp/encryp.go:85.3,86.40 2 0
github.com/SETTER2000/shorturl/internal/usecase/encryp/encryp.go:37.30,40.18 2 0
github.com/SETTER2000/shorturl/internal/usecase/encryp/encryp.go:44.4,52.18 3 0
github.com/SETTER2000/shorturl/internal/usecase/encryp/encryp.go:55.4,57.10 3 0
github.com/SETTER2000/shorturl/internal/usecase/encryp/encryp.go:40.18,42.5 1 0
github.com/SETTER2000/shorturl/internal/usecase/encryp/encryp.go:52.18,54.5 1 0
github.com/SETTER2000/shorturl/internal/usecase/encryp/encryp.go:61.17,65.18 3 0
github.com/SETTER2000/shorturl/internal/usecase/encryp/encryp.go:69.4,77.18 3 0
github.com/SETTER2000/shorturl/internal/usecase/encryp/encryp.go:80.4,82.10 3 0
github.com/SETTER2000/shorturl/internal/usecase/encryp/encryp.go:65.18,67.5 1 0
github.com/SETTER2000/shorturl/internal/usecase/encryp/encryp.go:77.18,79.5 1 0
github.com/SETTER2000/shorturl/internal/usecase/encryp/encryp.go:95.66,101.16 5 0
github.com/SETTER2000/shorturl/internal/usecase/encryp/encryp.go:105.2,106.16 2 0
github.com/SETTER2000/shorturl/internal/usecase/encryp/encryp.go:112.2,114.36 3 0
github.com/SETTER2000/shorturl/internal/usecase/encryp/encryp.go:101.16,104.3 2 0
github.com/SETTER2000/shorturl/internal/usecase/encryp/encryp.go:106.16,109.3 2 0
github.com/SETTER2000/shorturl/internal/usecase/encryp/encryp.go:122.79,128.16 3 0
github.com/SETTER2000/shorturl/internal/usecase/encryp/encryp.go:132.2,133.16 2 0
github.com/SETTER2000/shorturl/internal/usecase/encryp/encryp.go:140.2,144.16 3 0
github.com/SETTER2000/shorturl/internal/usecase/encryp/encryp.go:150.2,151.16 2 0
github.com/SETTER2000/shorturl/internal/usecase/encryp/encryp.go:155.2,155.31 1 0
github.com/SETTER2000/shorturl/internal/usecase/encryp/encryp.go:128.16,130.3 1 0
github.com/SETTER2000/shorturl/internal/usecase/encryp/encryp.go:133.16,136.3 1 0
github.com/SETTER2000/shorturl/internal/usecase/encryp/encryp.go:144.16,146.3 1 0
github.com/SETTER2000/shorturl/internal/usecase/encryp/encryp.go:151.16,154.3 2 0
github.com/SETTER2000/shorturl/internal/usecase/encryp/encryp.go:159.34,166.16 3 0
github.com/SETTER2000/shorturl/internal/usecase/encryp/encryp.go:169.2,180.32 8 0
github.com/SETTER2000/shorturl/internal/usecase/encryp/encryp.go:185.2,186.14 2 0
github.com/SETTER2000/shorturl/internal/usecase/encryp/encryp.go:166.16,167.13 1 0
github.com/SETTER2000/shorturl/internal/usecase/encryp/encryp.go:180.32,183.3 2 0
github.com/SETTER2000/shorturl/internal/usecase/repo/shorturl_inmemory.go:27.48,32.2 1 0
github.com/SETTER2000/shorturl/internal/usecase/repo/shorturl_inmemory.go:36.92,38.16 2 0
github.com/SETTER2000/shorturl/internal/usecase/repo/shorturl_inmemory.go:41.2,41.15 1 0
github.com/SETTER2000/shorturl/internal/usecase/repo/shorturl_inmemory.go:38.16,40.3 1 0
github.com/SETTER2000/shorturl/internal/usecase/repo/shorturl_inmemory.go:45.80,47.26 2 0
github.com/SETTER2000/shorturl/internal/usecase/repo/shorturl_inmemory.go:52.2,52.31 1 0
github.com/SETTER2000/shorturl/internal/usecase/repo/shorturl_inmemory.go:60.2,60.16 1 0
github.com/SETTER2000/shorturl/internal/usecase/repo/shorturl_inmemory.go:47.26,48.33 1 0
github.com/SETTER2000/shorturl/internal/usecase/repo/shorturl_inmemory.go:48.33,50.4 1 0
github.com/SETTER2000/shorturl/internal/usecase/repo/shorturl_inmemory.go:52.31,53.28 1 0
github.com/SETTER2000/shorturl/internal/usecase/repo/shorturl_inmemory.go:53.28,57.9 4 0
github.com/SETTER2000/shorturl/internal/usecase/repo/shorturl_inmemory.go:63.77,64.39 1 0
github.com/SETTER2000/shorturl/internal/usecase/repo/shorturl_inmemory.go:72.2,72.16 1 0
github.com/SETTER2000/shorturl/internal/usecase/repo/shorturl_inmemory.go:64.39,65.28 1 0
github.com/SETTER2000/shorturl/internal/usecase/repo/shorturl_inmemory.go:65.28,69.9 4 0
github.com/SETTER2000/shorturl/internal/usecase/repo/shorturl_inmemory.go:76.86,78.2 1 0
github.com/SETTER2000/shorturl/internal/usecase/repo/shorturl_inmemory.go:81.72,83.12 2 0
github.com/SETTER2000/shorturl/internal/usecase/repo/shorturl_inmemory.go:87.2,87.26 1 0
github.com/SETTER2000/shorturl/internal/usecase/repo/shorturl_inmemory.go:94.2,94.24 1 0
github.com/SETTER2000/shorturl/internal/usecase/repo/shorturl_inmemory.go:83.12,86.3 2 0
github.com/SETTER2000/shorturl/internal/usecase/repo/shorturl_inmemory.go:87.26,88.40 1 0
github.com/SETTER2000/shorturl/internal/usecase/repo/shorturl_inmemory.go:88.40,92.4 3 0
github.com/SETTER2000/shorturl/internal/usecase/repo/shorturl_inmemory.go:104.73,107.2 2 0
github.com/SETTER2000/shorturl/internal/usecase/repo/shorturl_inmemory.go:110.70,114.2 3 0
github.com/SETTER2000/shorturl/internal/usecase/repo/shorturl_inmemory.go:116.49,117.42 1 0
github.com/SETTER2000/shorturl/internal/usecase/repo/shorturl_inmemory.go:126.2,126.12 1 0
github.com/SETTER2000/shorturl/internal/usecase/repo/shorturl_inmemory.go:117.42,118.34 1 0
github.com/SETTER2000/shorturl/internal/usecase/repo/shorturl_inmemory.go:118.34,119.37 1 0
github.com/SETTER2000/shorturl/internal/usecase/repo/shorturl_inmemory.go:119.37,123.5 1 0
github.com/SETTER2000/shorturl/internal/usecase/repo/shorturl_inmemory.go:130.33,132.2 1 0
github.com/SETTER2000/shorturl/internal/usecase/repo/shorturl_inmemory.go:135.33,137.2 1 0
github.com/SETTER2000/shorturl/internal/usecase/repo/shorturl_inmemory.go:27.48,32.2 1 0
github.com/SETTER2000/shorturl/internal/usecase/repo/shorturl_inmemory.go:36.92,38.16 2 0
github.com/SETTER2000/shorturl/internal/usecase/repo/shorturl_inmemory.go:41.2,41.15 1 0
github.com/SETTER2000/shorturl/internal/usecase/repo/shorturl_inmemory.go:38.16,40.3 1 0
github.com/SETTER2000/shorturl/internal/usecase/repo/shorturl_inmemory.go:45.80,47.26 2 0
github.com/SETTER2000/shorturl/internal/usecase/repo/shorturl_inmemory.go:52.2,52.31 1 0
github.com/SETTER2000/shorturl/internal/usecase/repo/shorturl_inmemory.go:60.2,60.16 1 0
github.com/SETTER2000/shorturl/internal/usecase/repo/shorturl_inmemory.go:47.26,48.33 1 0
github.com/SETTER2000/shorturl/internal/usecase/repo/shorturl_inmemory.go:48.33,50.4 1 0
github.com/SETTER2000/shorturl/internal/usecase/repo/shorturl_inmemory.go:52.31,53.28 1 0
github.com/SETTER2000/shorturl/internal/usecase/repo/shorturl_inmemory.go:53.28,57.9 4 0
github.com/SETTER2000/shorturl/internal/usecase/repo/shorturl_inmemory.go:63.77,64.39 1 0
github.com/SETTER2000/shorturl/internal/usecase/repo/shorturl_inmemory.go:72.2,72.16 1 0
github.com/SETTER2000/shorturl/internal/usecase/repo/shorturl_inmemory.go:64.39,65.28 1 0
github.com/SETTER2000/shorturl/internal/usecase/repo/shorturl_inmemory.go:65.28,69.9 4 0
github.com/SETTER2000/shorturl/internal/usecase/repo/shorturl_inmemory.go:76.86,78.2 1 0
github.com/SETTER2000/shorturl/internal/usecase/repo/shorturl_inmemory.go:81.72,83.12 2 0
github.com/SETTER2000/shorturl/internal/usecase/repo/shorturl_inmemory.go:87.2,87.26 1 0
github.com/SETTER2000/shorturl/internal/usecase/repo/shorturl_inmemory.go:94.2,94.24 1 0
github.com/SETTER2000/shorturl/internal/usecase/repo/shorturl_inmemory.go:83.12,86.3 2 0
github.com/SETTER2000/shorturl/internal/usecase/repo/shorturl_inmemory.go:87.26,88.40 1 0
github.com/SETTER2000/shorturl/internal/usecase/repo/shorturl_inmemory.go:88.40,92.4 3 0
github.com/SETTER2000/shorturl/internal/usecase/repo/shorturl_inmemory.go:104.73,107.2 2 0
github.com/SETTER2000/shorturl/internal/usecase/repo/shorturl_inmemory.go:110.70,114.2 3 0
github.com/SETTER2000/shorturl/internal/usecase/repo/shorturl_inmemory.go:116.49,117.42 1 0
github.com/SETTER2000/shorturl/internal/usecase/repo/shorturl_inmemory.go:126.2,126.12 1 0
github.com/SETTER2000/shorturl/internal/usecase/repo/shorturl_inmemory.go:117.42,118.34 1 0
github.com/SETTER2000/shorturl/internal/usecase/repo/shorturl_inmemory.go:118.34,119.37 1 0
github.com/SETTER2000/shorturl/internal/usecase/repo/shorturl_inmemory.go:119.37,123.5 1 0
github.com/SETTER2000/shorturl/internal/usecase/repo/shorturl_inmemory.go:130.33,132.2 1 0
github.com/SETTER2000/shorturl/internal/usecase/repo/shorturl_inmemory.go:135.33,137.2 1 0
github.com/SETTER2000/shorturl/scripts/utils.go:14.35,21.16 5 0
github.com/SETTER2000/shorturl/scripts/utils.go:25.2,28.30 4 0
github.com/SETTER2000/shorturl/scripts/utils.go:31.2,31.40 1 0
github.com/SETTER2000/shorturl/scripts/utils.go:34.2,34.20 1 0
github.com/SETTER2000/shorturl/scripts/utils.go:21.16,23.3 1 0
github.com/SETTER2000/shorturl/scripts/utils.go:28.30,30.3 1 0
github.com/SETTER2000/shorturl/scripts/utils.go:31.40,33.3 1 0
github.com/SETTER2000/shorturl/scripts/utils.go:39.28,41.2 1 0
github.com/SETTER2000/shorturl/scripts/utils.go:44.55,46.2 1 0
github.com/SETTER2000/shorturl/scripts/utils.go:52.65,54.22 2 0
github.com/SETTER2000/shorturl/scripts/utils.go:61.2,61.13 1 0
github.com/SETTER2000/shorturl/scripts/utils.go:54.22,56.16 2 0
github.com/SETTER2000/shorturl/scripts/utils.go:56.16,59.4 2 0
github.com/SETTER2000/shorturl/internal/usecase/repo/shorturl_sql.go:42.42,50.2 1 0
github.com/SETTER2000/shorturl/internal/usecase/repo/shorturl_sql.go:53.54,58.2 2 0
github.com/SETTER2000/shorturl/internal/usecase/repo/shorturl_sql.go:61.70,63.16 2 0
github.com/SETTER2000/shorturl/internal/usecase/repo/shorturl_sql.go:67.2,68.42 2 0
github.com/SETTER2000/shorturl/internal/usecase/repo/shorturl_sql.go:74.2,74.12 1 0
github.com/SETTER2000/shorturl/internal/usecase/repo/shorturl_sql.go:63.16,65.3 1 0
github.com/SETTER2000/shorturl/internal/usecase/repo/shorturl_sql.go:68.42,69.44 1 0
github.com/SETTER2000/shorturl/internal/usecase/repo/shorturl_sql.go:69.44,71.4 1 0
github.com/SETTER2000/shorturl/internal/usecase/repo/shorturl_sql.go:78.69,80.2 1 0
github.com/SETTER2000/shorturl/internal/usecase/repo/shorturl_sql.go:83.54,88.2 2 0
github.com/SETTER2000/shorturl/internal/usecase/repo/shorturl_sql.go:91.89,95.16 4 0
github.com/SETTER2000/shorturl/internal/usecase/repo/shorturl_sql.go:98.2,99.18 2 0
github.com/SETTER2000/shorturl/internal/usecase/repo/shorturl_sql.go:105.2,106.16 2 0
github.com/SETTER2000/shorturl/internal/usecase/repo/shorturl_sql.go:110.2,114.16 5 0
github.com/SETTER2000/shorturl/internal/usecase/repo/shorturl_sql.go:95.16,97.3 1 0
github.com/SETTER2000/shorturl/internal/usecase/repo/shorturl_sql.go:99.18,101.17 2 0
github.com/SETTER2000/shorturl/internal/usecase/repo/shorturl_sql.go:101.17,103.4 1 0
github.com/SETTER2000/shorturl/internal/usecase/repo/shorturl_sql.go:106.16,108.3 1 0
github.com/SETTER2000/shorturl/internal/usecase/repo/shorturl_sql.go:118.83,122.16 4 0
github.com/SETTER2000/shorturl/internal/usecase/repo/shorturl_sql.go:127.2,128.18 2 0
github.com/SETTER2000/shorturl/internal/usecase/repo/shorturl_sql.go:137.2,137.34 1 0
github.com/SETTER2000/shorturl/internal/usecase/repo/shorturl_sql.go:140.2,140.15 1 0
github.com/SETTER2000/shorturl/internal/usecase/repo/shorturl_sql.go:122.16,125.3 2 0
github.com/SETTER2000/shorturl/internal/usecase/repo/shorturl_sql.go:128.18,130.17 2 0
github.com/SETTER2000/shorturl/internal/usecase/repo/shorturl_sql.go:133.3,135.29 3 0
github.com/SETTER2000/shorturl/internal/usecase/repo/shorturl_sql.go:130.17,132.4 1 0
github.com/SETTER2000/shorturl/internal/usecase/repo/shorturl_sql.go:137.34,139.3 1 0
github.com/SETTER2000/shorturl/internal/usecase/repo/shorturl_sql.go:144.67,150.16 3 0
github.com/SETTER2000/shorturl/internal/usecase/repo/shorturl_sql.go:154.2,154.34 1 0
github.com/SETTER2000/shorturl/internal/usecase/repo/shorturl_sql.go:157.2,157.12 1 0
github.com/SETTER2000/shorturl/internal/usecase/repo/shorturl_sql.go:150.16,153.3 2 0
github.com/SETTER2000/shorturl/internal/usecase/repo/shorturl_sql.go:154.34,156.3 1 0
github.com/SETTER2000/shorturl/internal/usecase/repo/shorturl_sql.go:161.48,164.16 3 0
github.com/SETTER2000/shorturl/internal/usecase/repo/shorturl_sql.go:168.2,184.16 6 0
github.com/SETTER2000/shorturl/internal/usecase/repo/shorturl_sql.go:187.2,187.11 1 0
github.com/SETTER2000/shorturl/internal/usecase/repo/shorturl_sql.go:164.16,167.3 2 0
github.com/SETTER2000/shorturl/internal/usecase/repo/shorturl_sql.go:184.16,185.13 1 0
github.com/SETTER2000/shorturl/internal/usecase/repo/shorturl_sql.go:191.30,193.2 1 0
github.com/SETTER2000/shorturl/internal/usecase/repo/shorturl_sql.go:196.30,198.2 1 0
github.com/SETTER2000/shorturl/cmd/shortener/main.go:23.13,26.16 2 0
github.com/SETTER2000/shorturl/cmd/shortener/main.go:32.2,32.23 1 0
github.com/SETTER2000/shorturl/cmd/shortener/main.go:47.2,49.23 2 0
github.com/SETTER2000/shorturl/cmd/shortener/main.go:26.16,29.3 2 0
github.com/SETTER2000/shorturl/cmd/shortener/main.go:32.23,34.17 2 0
github.com/SETTER2000/shorturl/cmd/shortener/main.go:37.3,38.50 2 0
github.com/SETTER2000/shorturl/cmd/shortener/main.go:41.3,41.31 1 0
github.com/SETTER2000/shorturl/cmd/shortener/main.go:34.17,36.4 1 0
github.com/SETTER2000/shorturl/cmd/shortener/main.go:38.50,40.4 1 0
github.com/SETTER2000/shorturl/cmd/shortener/main.go:49.23,51.17 2 0
github.com/SETTER2000/shorturl/cmd/shortener/main.go:54.3,56.51 3 0
github.com/SETTER2000/shorturl/cmd/shortener/main.go:51.17,53.4 1 0
github.com/SETTER2000/shorturl/cmd/shortener/main.go:56.51,58.4 1 0
github.com/SETTER2000/shorturl/internal/controller/http/v1/shorturl.go:32.104,34.44 2 0
github.com/SETTER2000/shorturl/internal/controller/http/v1/shorturl.go:38.2,38.47 1 0
github.com/SETTER2000/shorturl/internal/controller/http/v1/shorturl.go:34.44,37.3 2 0
github.com/SETTER2000/shorturl/internal/controller/http/v1/shorturl.go:38.47,41.3 2 0
github.com/SETTER2000/shorturl/internal/controller/http/v1/shorturl.go:54.78,59.16 5 0
github.com/SETTER2000/shorturl/internal/controller/http/v1/shorturl.go:65.2,65.12 1 0
github.com/SETTER2000/shorturl/internal/controller/http/v1/shorturl.go:70.2,73.45 4 0
github.com/SETTER2000/shorturl/internal/controller/http/v1/shorturl.go:59.16,63.3 3 0
github.com/SETTER2000/shorturl/internal/controller/http/v1/shorturl.go:65.12,68.3 2 0
github.com/SETTER2000/shorturl/internal/controller/http/v1/shorturl.go:79.78,81.22 2 0
github.com/SETTER2000/shorturl/internal/controller/http/v1/shorturl.go:81.22,83.16 2 0
github.com/SETTER2000/shorturl/internal/controller/http/v1/shorturl.go:83.16,87.4 3 0
github.com/SETTER2000/shorturl/internal/controller/http/v1/shorturl.go:88.8,90.17 2 0
github.com/SETTER2000/shorturl/internal/controller/http/v1/shorturl.go:94.3,98.35 4 0
github.com/SETTER2000/shorturl/internal/controller/http/v1/shorturl.go:90.17,93.4 2 0
github.com/SETTER2000/shorturl/internal/controller/http/v1/shorturl.go:111.79,114.16 3 0
github.com/SETTER2000/shorturl/internal/controller/http/v1/shorturl.go:118.2,122.16 5 0
github.com/SETTER2000/shorturl/internal/controller/http/v1/shorturl.go:139.2,142.22 4 0
github.com/SETTER2000/shorturl/internal/controller/http/v1/shorturl.go:114.16,117.3 2 0
github.com/SETTER2000/shorturl/internal/controller/http/v1/shorturl.go:122.16,123.44 1 0
github.com/SETTER2000/shorturl/internal/controller/http/v1/shorturl.go:123.44,126.18 3 0
github.com/SETTER2000/shorturl/internal/controller/http/v1/shorturl.go:131.4,133.40 3 0
github.com/SETTER2000/shorturl/internal/controller/http/v1/shorturl.go:126.18,130.5 3 0
github.com/SETTER2000/shorturl/internal/controller/http/v1/shorturl.go:134.9,137.4 2 0
github.com/SETTER2000/shorturl/internal/controller/http/v1/shorturl.go:146.75,149.19 3 0
github.com/SETTER2000/shorturl/internal/controller/http/v1/shorturl.go:152.2,154.16 3 0
github.com/SETTER2000/shorturl/internal/controller/http/v1/shorturl.go:160.2,161.16 2 0
github.com/SETTER2000/shorturl/internal/controller/http/v1/shorturl.go:165.2,167.27 3 0
github.com/SETTER2000/shorturl/internal/controller/http/v1/shorturl.go:172.2,172.16 1 0
github.com/SETTER2000/shorturl/internal/controller/http/v1/shorturl.go:149.19,151.3 1 0
github.com/SETTER2000/shorturl/internal/controller/http/v1/shorturl.go:154.16,158.3 3 0
github.com/SETTER2000/shorturl/internal/controller/http/v1/shorturl.go:161.16,164.3 2 0
github.com/SETTER2000/shorturl/internal/controller/http/v1/shorturl.go:167.27,169.3 1 0
github.com/SETTER2000/shorturl/internal/controller/http/v1/shorturl.go:169.8,171.3 1 0
github.com/SETTER2000/shorturl/internal/controller/http/v1/shorturl.go:184.78,189.16 5 0
github.com/SETTER2000/shorturl/internal/controller/http/v1/shorturl.go:193.2,194.52 2 0
github.com/SETTER2000/shorturl/internal/controller/http/v1/shorturl.go:198.2,200.16 2 0
github.com/SETTER2000/shorturl/internal/controller/http/v1/shorturl.go:216.2,218.16 3 0
github.com/SETTER2000/shorturl/internal/controller/http/v1/shorturl.go:222.2,224.16 3 0
github.com/SETTER2000/shorturl/internal/controller/http/v1/shorturl.go:189.16,192.3 2 0
github.com/SETTER2000/shorturl/internal/controller/http/v1/shorturl.go:194.52,195.13 1 0
github.com/SETTER2000/shorturl/internal/controller/http/v1/shorturl.go:200.16,201.44 1 0
github.com/SETTER2000/shorturl/internal/controller/http/v1/shorturl.go:201.44,205.18 4 0
github.com/SETTER2000/shorturl/internal/controller/http/v1/shorturl.go:208.4,210.40 3 0
github.com/SETTER2000/shorturl/internal/controller/http/v1/shorturl.go:205.18,207.5 1 0
github.com/SETTER2000/shorturl/internal/controller/http/v1/shorturl.go:211.9,214.4 2 0
github.com/SETTER2000/shorturl/internal/controller/http/v1/shorturl.go:218.16,221.3 2 0
github.com/SETTER2000/shorturl/internal/controller/http/v1/shorturl.go:227.76,232.16 5 0
github.com/SETTER2000/shorturl/internal/controller/http/v1/shorturl.go:236.2,236.64 1 0
github.com/SETTER2000/shorturl/internal/controller/http/v1/shorturl.go:240.2,242.39 3 0
github.com/SETTER2000/shorturl/internal/controller/http/v1/shorturl.go:259.2,260.16 2 0
github.com/SETTER2000/shorturl/internal/controller/http/v1/shorturl.go:264.2,266.16 3 0
github.com/SETTER2000/shorturl/internal/controller/http/v1/shorturl.go:232.16,235.3 2 0
github.com/SETTER2000/shorturl/internal/controller/http/v1/shorturl.go:236.64,237.13 1 0
github.com/SETTER2000/shorturl/internal/controller/http/v1/shorturl.go:242.39,246.17 4 0
github.com/SETTER2000/shorturl/internal/controller/http/v1/shorturl.go:254.3,256.22 3 0
github.com/SETTER2000/shorturl/internal/controller/http/v1/shorturl.go:246.17,247.45 1 0
github.com/SETTER2000/shorturl/internal/controller/http/v1/shorturl.go:251.4,252.10 2 0
github.com/SETTER2000/shorturl/internal/controller/http/v1/shorturl.go:247.45,250.5 2 0
github.com/SETTER2000/shorturl/internal/controller/http/v1/shorturl.go:260.16,263.3 2 0
github.com/SETTER2000/shorturl/internal/controller/http/v1/shorturl.go:275.78,278.16 3 0
github.com/SETTER2000/shorturl/internal/controller/http/v1/shorturl.go:282.2,282.52 1 0
github.com/SETTER2000/shorturl/internal/controller/http/v1/shorturl.go:286.2,288.19 3 0
github.com/SETTER2000/shorturl/internal/controller/http/v1/shorturl.go:291.2,298.25 5 0
github.com/SETTER2000/shorturl/internal/controller/http/v1/shorturl.go:303.2,305.37 3 0
github.com/SETTER2000/shorturl/internal/controller/http/v1/shorturl.go:312.2,312.37 1 0
github.com/SETTER2000/shorturl/internal/controller/http/v1/shorturl.go:329.2,331.26 3 0
github.com/SETTER2000/shorturl/internal/controller/http/v1/shorturl.go:278.16,281.3 2 0
github.com/SETTER2000/shorturl/internal/controller/http/v1/shorturl.go:282.52,283.13 1 0
github.com/SETTER2000/shorturl/internal/controller/http/v1/shorturl.go:288.19,290.3 1 0
github.com/SETTER2000/shorturl/internal/controller/http/v1/shorturl.go:298.25,301.3 2 0
github.com/SETTER2000/shorturl/internal/controller/http/v1/shorturl.go:305.37,309.3 3 0
github.com/SETTER2000/shorturl/internal/controller/http/v1/shorturl.go:312.37,314.3 1 0
github.com/SETTER2000/shorturl/internal/controller/http/v1/shorturl.go:334.79,339.12 4 0
github.com/SETTER2000/shorturl/internal/controller/http/v1/shorturl.go:360.2,362.37 3 0
github.com/SETTER2000/shorturl/internal/controller/http/v1/shorturl.go:369.2,369.37 1 0
github.com/SETTER2000/shorturl/internal/controller/http/v1/shorturl.go:373.2,375.26 3 0
github.com/SETTER2000/shorturl/internal/controller/http/v1/shorturl.go:339.12,341.17 2 0
github.com/SETTER2000/shorturl/internal/controller/http/v1/shorturl.go:345.3,345.54 1 0
github.com/SETTER2000/shorturl/internal/controller/http/v1/shorturl.go:348.3,350.20 3 0
github.com/SETTER2000/shorturl/internal/controller/http/v1/shorturl.go:353.3,356.17 4 0
github.com/SETTER2000/shorturl/internal/controller/http/v1/shorturl.go:341.17,344.4 2 0
github.com/SETTER2000/shorturl/internal/controller/http/v1/shorturl.go:345.54,346.14 1 0
github.com/SETTER2000/shorturl/internal/controller/http/v1/shorturl.go:350.20,352.4 1 0
github.com/SETTER2000/shorturl/internal/controller/http/v1/shorturl.go:362.37,366.3 3 0
github.com/SETTER2000/shorturl/internal/controller/http/v1/shorturl.go:369.37,371.3 1 0
github.com/SETTER2000/shorturl/internal/controller/http/v1/shorturl.go:378.83,379.12 1 0
github.com/SETTER2000/shorturl/internal/controller/http/v1/shorturl.go:388.2,388.35 1 0
github.com/SETTER2000/shorturl/internal/controller/http/v1/shorturl.go:379.12,381.24 2 0
github.com/SETTER2000/shorturl/internal/controller/http/v1/shorturl.go:386.3,386.13 1 0
github.com/SETTER2000/shorturl/internal/controller/http/v1/shorturl.go:381.24,385.4 3 0
github.com/SETTER2000/shorturl/internal/controller/http/v1/shorturl.go:390.59,394.12 2 0
github.com/SETTER2000/shorturl/internal/controller/http/v1/shorturl.go:412.2,412.14 1 0
github.com/SETTER2000/shorturl/internal/controller/http/v1/shorturl.go:394.12,397.36 2 0
github.com/SETTER2000/shorturl/internal/controller/http/v1/shorturl.go:408.3,409.15 2 0
github.com/SETTER2000/shorturl/internal/controller/http/v1/shorturl.go:397.36,400.38 2 0
github.com/SETTER2000/shorturl/internal/controller/http/v1/shorturl.go:400.38,402.31 2 0
github.com/SETTER2000/shorturl/internal/controller/http/v1/shorturl.go:402.31,404.6 1 0
github.com/SETTER2000/shorturl/internal/controller/http/v1/shorturl.go:415.65,417.25 2 0
github.com/SETTER2000/shorturl/internal/controller/http/v1/shorturl.go:422.2,422.12 1 0
github.com/SETTER2000/shorturl/internal/controller/http/v1/shorturl.go:444.2,444.12 1 0
github.com/SETTER2000/shorturl/internal/controller/http/v1/shorturl.go:417.25,420.3 2 0
github.com/SETTER2000/shorturl/internal/controller/http/v1/shorturl.go:422.12,423.38 1 0
github.com/SETTER2000/shorturl/internal/controller/http/v1/shorturl.go:429.3,429.21 1 0
github.com/SETTER2000/shorturl/internal/controller/http/v1/shorturl.go:423.38,424.27 1 0
github.com/SETTER2000/shorturl/internal/controller/http/v1/shorturl.go:424.27,426.5 1 0
github.com/SETTER2000/shorturl/internal/controller/http/v1/shorturl.go:429.21,430.21 1 0
github.com/SETTER2000/shorturl/internal/controller/http/v1/shorturl.go:434.4,435.11 2 0
github.com/SETTER2000/shorturl/internal/controller/http/v1/shorturl.go:439.4,440.13 2 0
github.com/SETTER2000/shorturl/internal/controller/http/v1/shorturl.go:430.21,432.5 1 0
github.com/SETTER2000/shorturl/internal/controller/http/v1/shorturl.go:435.11,437.5 1 0
github.com/SETTER2000/shorturl/internal/server/options.go:20.31,21.25 1 0
github.com/SETTER2000/shorturl/internal/server/options.go:21.25,24.3 2 0
github.com/SETTER2000/shorturl/internal/server/options.go:28.48,29.25 1 0
github.com/SETTER2000/shorturl/internal/server/options.go:29.25,31.3 1 0
github.com/SETTER2000/shorturl/internal/server/options.go:35.49,36.25 1 0
github.com/SETTER2000/shorturl/internal/server/options.go:36.25,38.3 1 0
github.com/SETTER2000/shorturl/internal/server/options.go:42.52,43.25 1 0
github.com/SETTER2000/shorturl/internal/server/options.go:43.25,45.3 1 0
github.com/SETTER2000/shorturl/internal/usecase/repo/error.go:24.37,26.2 1 0
github.com/SETTER2000/shorturl/internal/usecase/repo/error.go:29.36,34.2 1 0
github.com/SETTER2000/shorturl/internal/usecase/repo/error.go:37.37,39.2 1 0
github.com/SETTER2000/shorturl/internal/usecase/repo/error.go:42.41,44.2 1 0
github.com/SETTER2000/shorturl/internal/usecase/repo/error.go:53.51,58.2 1 0
github.com/SETTER2000/shorturl/internal/usecase/repo/error.go:61.38,63.2 1 0
github.com/SETTER2000/shorturl/internal/usecase/repo/error.go:66.38,68.2 1 0
github.com/SETTER2000/shorturl/internal/usecase/repo/error.go:71.42,73.2 1 0
github.com/SETTER2000/shorturl/internal/usecase/repo/error.go:83.66,89.2 1 0
github.com/SETTER2000/shorturl/internal/usecase/repo/error.go:92.41,94.2 1 0
github.com/SETTER2000/shorturl/internal/usecase/repo/error.go:97.41,99.2 1 0
github.com/SETTER2000/shorturl/internal/usecase/repo/error.go:102.45,104.2 1 0
github.com/SETTER2000/shorturl/pkg/log/logger/logger.go:29.32,32.32 2 0
github.com/SETTER2000/shorturl/pkg/log/logger/logger.go:45.2,52.3 4 0
github.com/SETTER2000/shorturl/pkg/log/logger/logger.go:33.15,34.25 1 0
github.com/SETTER2000/shorturl/pkg/log/logger/logger.go:35.14,36.24 1 0
github.com/SETTER2000/shorturl/pkg/log/logger/logger.go:37.14,38.24 1 0
github.com/SETTER2000/shorturl/pkg/log/logger/logger.go:39.15,40.25 1 0
github.com/SETTER2000/shorturl/pkg/log/logger/logger.go:41.10,42.24 1 0
github.com/SETTER2000/shorturl/pkg/log/logger/logger.go:56.66,58.2 1 0
github.com/SETTER2000/shorturl/pkg/log/logger/logger.go:61.60,63.2 1 0
github.com/SETTER2000/shorturl/pkg/log/logger/logger.go:66.60,68.2 1 0
github.com/SETTER2000/shorturl/pkg/log/logger/logger.go:71.66,72.47 1 0
github.com/SETTER2000/shorturl/pkg/log/logger/logger.go:76.2,76.34 1 0
github.com/SETTER2000/shorturl/pkg/log/logger/logger.go:72.47,74.3 1 0
github.com/SETTER2000/shorturl/pkg/log/logger/logger.go:80.66,84.2 2 0
github.com/SETTER2000/shorturl/pkg/log/logger/logger.go:86.59,87.20 1 0
github.com/SETTER2000/shorturl/pkg/log/logger/logger.go:87.20,89.3 1 0
github.com/SETTER2000/shorturl/pkg/log/logger/logger.go:89.8,91.3 1 0
github.com/SETTER2000/shorturl/pkg/log/logger/logger.go:94.78,95.31 1 0
github.com/SETTER2000/shorturl/pkg/log/logger/logger.go:96.13,97.30 1 0
github.com/SETTER2000/shorturl/pkg/log/logger/logger.go:98.14,99.22 1 0
github.com/SETTER2000/shorturl/pkg/log/logger/logger.go:100.10,101.88 1 0
github.com/SETTER2000/shorturl/internal/controller/http/v1/router.go:25.94,56.46 14 0
github.com/SETTER2000/shorturl/internal/controller/http/v1/router.go:64.2,64.48 1 0
github.com/SETTER2000/shorturl/internal/controller/http/v1/router.go:56.46,61.3 3 0
github.com/SETTER2000/shorturl/internal/controller/http/v1/router.go:64.48,66.3 1 0
github.com/SETTER2000/shorturl/internal/controller/http/v1/router.go:67.2,69.3 1 0
github.com/SETTER2000/shorturl/internal/usecase/repo/shorturl_files.go:44.46,53.2 1 0
github.com/SETTER2000/shorturl/internal/usecase/repo/shorturl_files.go:56.48,62.2 2 0
github.com/SETTER2000/shorturl/internal/usecase/repo/shorturl_files.go:64.51,67.2 2 0
github.com/SETTER2000/shorturl/internal/usecase/repo/shorturl_files.go:70.72,74.2 1 0
github.com/SETTER2000/shorturl/internal/usecase/repo/shorturl_files.go:77.71,79.12 2 0
github.com/SETTER2000/shorturl/internal/usecase/repo/shorturl_files.go:83.2,83.26 1 0
github.com/SETTER2000/shorturl/internal/usecase/repo/shorturl_files.go:88.2,88.24 1 0
github.com/SETTER2000/shorturl/internal/usecase/repo/shorturl_files.go:79.12,82.3 2 0
github.com/SETTER2000/shorturl/internal/usecase/repo/shorturl_files.go:83.26,84.40 1 0
github.com/SETTER2000/shorturl/internal/usecase/repo/shorturl_files.go:84.40,86.4 1 0
github.com/SETTER2000/shorturl/internal/usecase/repo/shorturl_files.go:92.34,94.2 1 0
github.com/SETTER2000/shorturl/internal/usecase/repo/shorturl_files.go:97.48,103.2 2 0
github.com/SETTER2000/shorturl/internal/usecase/repo/shorturl_files.go:106.91,108.2 1 0
github.com/SETTER2000/shorturl/internal/usecase/repo/shorturl_files.go:110.76,111.39 1 0
github.com/SETTER2000/shorturl/internal/usecase/repo/shorturl_files.go:120.2,120.16 1 0
github.com/SETTER2000/shorturl/internal/usecase/repo/shorturl_files.go:111.39,112.28 1 0
github.com/SETTER2000/shorturl/internal/usecase/repo/shorturl_files.go:112.28,117.9 5 0
github.com/SETTER2000/shorturl/internal/usecase/repo/shorturl_files.go:124.79,126.26 2 0
github.com/SETTER2000/shorturl/internal/usecase/repo/shorturl_files.go:131.2,131.31 1 0
github.com/SETTER2000/shorturl/internal/usecase/repo/shorturl_files.go:139.2,139.16 1 0
github.com/SETTER2000/shorturl/internal/usecase/repo/shorturl_files.go:126.26,127.33 1 0
github.com/SETTER2000/shorturl/internal/usecase/repo/shorturl_files.go:127.33,129.4 1 0
github.com/SETTER2000/shorturl/internal/usecase/repo/shorturl_files.go:131.31,132.28 1 0
github.com/SETTER2000/shorturl/internal/usecase/repo/shorturl_files.go:132.28,136.9 4 0
github.com/SETTER2000/shorturl/internal/usecase/repo/shorturl_files.go:141.34,143.6 2 0
github.com/SETTER2000/shorturl/internal/usecase/repo/shorturl_files.go:152.2,152.12 1 0
github.com/SETTER2000/shorturl/internal/usecase/repo/shorturl_files.go:143.6,144.49 1 0
github.com/SETTER2000/shorturl/internal/usecase/repo/shorturl_files.go:150.3,150.47 1 0
github.com/SETTER2000/shorturl/internal/usecase/repo/shorturl_files.go:144.49,145.21 1 0
github.com/SETTER2000/shorturl/internal/usecase/repo/shorturl_files.go:148.4,148.14 1 0
github.com/SETTER2000/shorturl/internal/usecase/repo/shorturl_files.go:145.21,146.10 1 0
github.com/SETTER2000/shorturl/internal/usecase/repo/shorturl_files.go:154.70,157.31 3 0
github.com/SETTER2000/shorturl/internal/usecase/repo/shorturl_files.go:164.2,164.15 1 0
github.com/SETTER2000/shorturl/internal/usecase/repo/shorturl_files.go:157.31,158.31 1 0
github.com/SETTER2000/shorturl/internal/usecase/repo/shorturl_files.go:158.31,162.4 3 0
github.com/SETTER2000/shorturl/internal/usecase/repo/shorturl_files.go:168.85,172.2 1 0
github.com/SETTER2000/shorturl/internal/usecase/repo/shorturl_files.go:175.32,176.6 1 0
github.com/SETTER2000/shorturl/internal/usecase/repo/shorturl_files.go:185.2,185.12 1 0
github.com/SETTER2000/shorturl/internal/usecase/repo/shorturl_files.go:176.6,177.50 1 0
github.com/SETTER2000/shorturl/internal/usecase/repo/shorturl_files.go:177.50,178.21 1 0
github.com/SETTER2000/shorturl/internal/usecase/repo/shorturl_files.go:181.4,181.14 1 0
github.com/SETTER2000/shorturl/internal/usecase/repo/shorturl_files.go:178.21,179.10 1 0
github.com/SETTER2000/shorturl/internal/usecase/repo/shorturl_files.go:189.32,192.16 2 0
github.com/SETTER2000/shorturl/internal/usecase/repo/shorturl_files.go:196.2,197.16 2 0
github.com/SETTER2000/shorturl/internal/usecase/repo/shorturl_files.go:201.2,201.32 1 0
github.com/SETTER2000/shorturl/internal/usecase/repo/shorturl_files.go:192.16,194.3 1 0
github.com/SETTER2000/shorturl/internal/usecase/repo/shorturl_files.go:197.16,199.3 1 0
github.com/SETTER2000/shorturl/internal/usecase/repo/shorturl_files.go:205.69,209.2 1 0
github.com/SETTER2000/shorturl/internal/usecase/repo/shorturl_files.go:211.48,212.42 1 0
github.com/SETTER2000/shorturl/internal/usecase/repo/shorturl_files.go:220.2,220.12 1 0
github.com/SETTER2000/shorturl/internal/usecase/repo/shorturl_files.go:212.42,213.34 1 0
github.com/SETTER2000/shorturl/internal/usecase/repo/shorturl_files.go:213.34,214.37 1 0
github.com/SETTER2000/shorturl/internal/usecase/repo/shorturl_files.go:214.37,217.5 1 0
github.com/SETTER2000/shorturl/internal/usecase/repo/shorturl_files.go:224.34,226.2 1 0
github.com/SETTER2000/shorturl/pkg/compress/gzip/gzip.go:21.50,24.2 1 0
github.com/SETTER2000/shorturl/pkg/compress/gzip/gzip.go:33.68,34.32 1 0
github.com/SETTER2000/shorturl/pkg/compress/gzip/gzip.go:34.32,37.3 2 0
github.com/SETTER2000/shorturl/pkg/compress/gzip/gzip.go:41.71,42.41 1 0
github.com/SETTER2000/shorturl/pkg/compress/gzip/gzip.go:45.2,45.10 1 0
github.com/SETTER2000/shorturl/pkg/compress/gzip/gzip.go:42.41,44.3 1 0
github.com/SETTER2000/shorturl/pkg/compress/gzip/gzip.go:49.51,50.71 1 0
github.com/SETTER2000/shorturl/pkg/compress/gzip/gzip.go:50.71,53.65 1 0
github.com/SETTER2000/shorturl/pkg/compress/gzip/gzip.go:60.3,61.17 2 0
github.com/SETTER2000/shorturl/pkg/compress/gzip/gzip.go:65.3,68.63 3 0
github.com/SETTER2000/shorturl/pkg/compress/gzip/gzip.go:53.65,58.4 3 0
github.com/SETTER2000/shorturl/pkg/compress/gzip/gzip.go:61.17,64.4 2 0
github.com/SETTER2000/shorturl/pkg/compress/gzip/gzip.go:73.53,74.71 1 0
github.com/SETTER2000/shorturl/pkg/compress/gzip/gzip.go:74.71,76.49 1 0
github.com/SETTER2000/shorturl/pkg/compress/gzip/gzip.go:85.3,85.23 1 0
github.com/SETTER2000/shorturl/pkg/compress/gzip/gzip.go:76.49,78.18 2 0
github.com/SETTER2000/shorturl/pkg/compress/gzip/gzip.go:82.4,83.20 2 0
github.com/SETTER2000/shorturl/pkg/compress/gzip/gzip.go:78.18,81.5 2 0
github.com/SETTER2000/shorturl/internal/server/server.go:25.56,40.27 3 0
github.com/SETTER2000/shorturl/internal/server/server.go:44.2,46.10 2 0
github.com/SETTER2000/shorturl/internal/server/server.go:40.27,42.3 1 0
github.com/SETTER2000/shorturl/internal/server/server.go:49.26,50.12 1 0
github.com/SETTER2000/shorturl/internal/server/server.go:50.12,53.3 2 0
github.com/SETTER2000/shorturl/internal/server/server.go:57.40,59.2 1 0
github.com/SETTER2000/shorturl/internal/server/server.go:62.35,67.2 3 0
github.com/SETTER2000/shorturl/internal/app/app.go:28.30,36.70 5 0
github.com/SETTER2000/shorturl/internal/app/app.go:53.2,62.9 7 0
github.com/SETTER2000/shorturl/internal/app/app.go:72.2,75.16 3 0
github.com/SETTER2000/shorturl/internal/app/app.go:36.70,37.28 1 0
github.com/SETTER2000/shorturl/internal/app/app.go:37.28,40.4 2 0
github.com/SETTER2000/shorturl/internal/app/app.go:40.9,43.56 3 0
github.com/SETTER2000/shorturl/internal/app/app.go:43.56,45.5 1 0
github.com/SETTER2000/shorturl/internal/app/app.go:47.8,50.3 2 0
github.com/SETTER2000/shorturl/internal/app/app.go:63.24,64.55 1 0
github.com/SETTER2000/shorturl/internal/app/app.go:67.3,67.46 1 0
github.com/SETTER2000/shorturl/internal/app/app.go:68.36,69.64 1 0
github.com/SETTER2000/shorturl/internal/app/app.go:64.55,66.4 1 0
github.com/SETTER2000/shorturl/internal/app/app.go:75.16,77.3 1 0
github.com/SETTER2000/shorturl/internal/app/app.go:80.16,84.2 3 0
github.com/SETTER2000/shorturl/config/config.go:69.35,74.16 3 0
github.com/SETTER2000/shorturl/config/config.go:79.2,85.22 6 0
github.com/SETTER2000/shorturl/config/config.go:91.2,95.16 3 0
github.com/SETTER2000/shorturl/config/config.go:98.2,98.17 1 0
github.com/SETTER2000/shorturl/config/config.go:74.16,76.3 1 0
github.com/SETTER2000/shorturl/config/config.go:85.22,88.3 2 0
github.com/SETTER2000/shorturl/config/config.go:95.16,97.3 1 0
github.com/SETTER2000/shorturl/internal/usecase/shorturl.go:25.43,29.2 1 0
github.com/SETTER2000/shorturl/internal/usecase/shorturl.go:32.94,35.16 3 0
github.com/SETTER2000/shorturl/internal/usecase/shorturl.go:38.2,38.21 1 0
github.com/SETTER2000/shorturl/internal/usecase/shorturl.go:35.16,37.3 1 0
github.com/SETTER2000/shorturl/internal/usecase/shorturl.go:42.95,46.16 3 0
github.com/SETTER2000/shorturl/internal/usecase/shorturl.go:49.2,49.21 1 0
github.com/SETTER2000/shorturl/internal/usecase/shorturl.go:46.16,48.3 1 0
github.com/SETTER2000/shorturl/internal/usecase/shorturl.go:53.106,56.16 3 0
github.com/SETTER2000/shorturl/internal/usecase/shorturl.go:59.2,59.27 1 0
github.com/SETTER2000/shorturl/internal/usecase/shorturl.go:56.16,58.3 1 0
github.com/SETTER2000/shorturl/internal/usecase/shorturl.go:63.99,65.16 2 0
github.com/SETTER2000/shorturl/internal/usecase/shorturl.go:68.2,68.27 1 0
github.com/SETTER2000/shorturl/internal/usecase/shorturl.go:65.16,67.3 1 0
github.com/SETTER2000/shorturl/internal/usecase/shorturl.go:72.83,74.16 2 0
github.com/SETTER2000/shorturl/internal/usecase/shorturl.go:77.2,77.12 1 0
github.com/SETTER2000/shorturl/internal/usecase/shorturl.go:74.16,76.3 1 0
github.com/SETTER2000/shorturl/internal/usecase/shorturl.go:81.48,83.16 2 0
github.com/SETTER2000/shorturl/internal/usecase/shorturl.go:86.2,86.12 1 0
github.com/SETTER2000/shorturl/internal/usecase/shorturl.go:83.16,85.3 1 0
github.com/SETTER2000/shorturl/internal/usecase/shorturl.go:90.48,92.16 2 0
github.com/SETTER2000/shorturl/internal/usecase/shorturl.go:95.2,95.12 1 0
github.com/SETTER2000/shorturl/internal/usecase/shorturl.go:92.16,94.3 1 0
github.com/SETTER2000/shorturl/internal/usecase/encryp/encryp.go:31.58,32.71 1 0
github.com/SETTER2000/shorturl/internal/usecase/encryp/encryp.go:32.71,37.30 5 0
github.com/SETTER2000/shorturl/internal/usecase/encryp/encryp.go:60.3,61.17 2 0
github.com/SETTER2000/shorturl/internal/usecase/encryp/encryp.go:85.3,86.40 2 0
github.com/SETTER2000/shorturl/internal/usecase/encryp/encryp.go:37.30,40.18 2 0
github.com/SETTER2000/shorturl/internal/usecase/encryp/encryp.go:44.4,52.18 3 0
github.com/SETTER2000/shorturl/internal/usecase/encryp/encryp.go:55.4,57.10 3 0
github.com/SETTER2000/shorturl/internal/usecase/encryp/encryp.go:40.18,42.5 1 0
github.com/SETTER2000/shorturl/internal/usecase/encryp/encryp.go:52.18,54.5 1 0
github.com/SETTER2000/shorturl/internal/usecase/encryp/encryp.go:61.17,65.18 3 0
github.com/SETTER2000/shorturl/internal/usecase/encryp/encryp.go:69.4,77.18 3 0
github.com/SETTER2000/shorturl/internal/usecase/encryp/encryp.go:80.4,82.10 3 0
github.com/SETTER2000/shorturl/internal/usecase/encryp/encryp.go:65.18,67.5 1 0
github.com/SETTER2000/shorturl/internal/usecase/encryp/encryp.go:77.18,79.5 1 0
github.com/SETTER2000/shorturl/internal/usecase/encryp/encryp.go:95.66,101.16 5 0
github.com/SETTER2000/shorturl/internal/usecase/encryp/encryp.go:105.2,106.16 2 0
github.com/SETTER2000/shorturl/internal/usecase/encryp/encryp.go:112.2,114.36 3 0
github.com/SETTER2000/shorturl/internal/usecase/encryp/encryp.go:101.16,104.3 2 0
github.com/SETTER2000/shorturl/internal/usecase/encryp/encryp.go:106.16,109.3 2 0
github.com/SETTER2000/shorturl/internal/usecase/encryp/encryp.go:122.79,128.16 3 0
github.com/SETTER2000/shorturl/internal/usecase/encryp/encryp.go:132.2,133.16 2 0
github.com/SETTER2000/shorturl/internal/usecase/encryp/encryp.go:140.2,144.16 3 0
github.com/SETTER2000/shorturl/internal/usecase/encryp/encryp.go:150.2,151.16 2 0
github.com/SETTER2000/shorturl/internal/usecase/encryp/encryp.go:155.2,155.31 1 0
github.com/SETTER2000/shorturl/internal/usecase/encryp/encryp.go:128.16,130.3 1 0
github.com/SETTER2000/shorturl/internal/usecase/encryp/encryp.go:133.16,136.3 1 0
github.com/SETTER2000/shorturl/internal/usecase/encryp/encryp.go:144.16,146.3 1 0
github.com/SETTER2000/shorturl/internal/usecase/encryp/encryp.go:151.16,154.3 2 0
github.com/SETTER2000/shorturl/internal/usecase/encryp/encryp.go:159.34,166.16 3 0
github.com/SETTER2000/shorturl/internal/usecase/encryp/encryp.go:169.2,180.32 8 0
github.com/SETTER2000/shorturl/internal/usecase/encryp/encryp.go:185.2,186.14 2 0
github.com/SETTER2000/shorturl/internal/usecase/encryp/encryp.go:166.16,167.13 1 0
github.com/SETTER2000/shorturl/internal/usecase/encryp/encryp.go:180.32,183.3 2 0
github.com/SETTER2000/shorturl/config/config.go:69.35,74.16 3 0
github.com/SETTER2000/shorturl/config/config.go:79.2,85.22 6 0
github.com/SETTER2000/shorturl/config/config.go:91.2,95.16 3 0
github.com/SETTER2000/shorturl/config/config.go:98.2,98.17 1 0
github.com/SETTER2000/shorturl/config/config.go:74.16,76.3 1 0
github.com/SETTER2000/shorturl/config/config.go:85.22,88.3 2 0
github.com/SETTER2000/shorturl/config/config.go:95.16,97.3 1 0
github.com/SETTER2000/shorturl/internal/usecase/encryp/encryp.go:31.58,32.71 1 0
github.com/SETTER2000/shorturl/internal/usecase/encryp/encryp.go:32.71,37.30 5 0
github.com/SETTER2000/shorturl/internal/usecase/encryp/encryp.go:60.3,61.17 2 0
github.com/SETTER2000/shorturl/internal/usecase/encryp/encryp.go:85.3,86.40 2 0
github.com/SETTER2000/shorturl/internal/usecase/encryp/encryp.go:37.30,40.18 2 0
github.com/SETTER2000/shorturl/internal/usecase/encryp/encryp.go:44.4,52.18 3 0
github.com/SETTER2000/shorturl/internal/usecase/encryp/encryp.go:55.4,57.10 3 0
github.com/SETTER2000/shorturl/internal/usecase/encryp/encryp.go:40.18,42.5 1 0
github.com/SETTER2000/shorturl/internal/usecase/encryp/encryp.go:52.18,54.5 1 0
github.com/SETTER2000/shorturl/internal/usecase/encryp/encryp.go:61.17,65.18 3 0
github.com/SETTER2000/shorturl/internal/usecase/encryp/encryp.go:69.4,77.18 3 0
github.com/SETTER2000/shorturl/internal/usecase/encryp/encryp.go:80.4,82.10 3 0
github.com/SETTER2000/shorturl/internal/usecase/encryp/encryp.go:65.18,67.5 1 0
github.com/SETTER2000/shorturl/internal/usecase/encryp/encryp.go:77.18,79.5 1 0
github.com/SETTER2000/shorturl/internal/usecase/encryp/encryp.go:95.66,101.16 5 0
github.com/SETTER2000/shorturl/internal/usecase/encryp/encryp.go:105.2,106.16 2 0
github.com/SETTER2000/shorturl/internal/usecase/encryp/encryp.go:112.2,114.36 3 0
github.com/SETTER2000/shorturl/internal/usecase/encryp/encryp.go:101.16,104.3 2 0
github.com/SETTER2000/shorturl/internal/usecase/encryp/encryp.go:106.16,109.3 2 0
github.com/SETTER2000/shorturl/internal/usecase/encryp/encryp.go:122.79,128.16 3 0
github.com/SETTER2000/shorturl/internal/usecase/encryp/encryp.go:132.2,133.16 2 0
github.com/SETTER2000/shorturl/internal/usecase/encryp/encryp.go:140.2,144.16 3 0
github.com/SETTER2000/shorturl/internal/usecase/encryp/encryp.go:150.2,151.16 2 0
github.com/SETTER2000/shorturl/internal/usecase/encryp/encryp.go:155.2,155.31 1 0
github.com/SETTER2000/shorturl/internal/usecase/encryp/encryp.go:128.16,130.3 1 0
github.com/SETTER2000/shorturl/internal/usecase/encryp/encryp.go:133.16,136.3 1 0
github.com/SETTER2000/shorturl/internal/usecase/encryp/encryp.go:144.16,146.3 1 0
github.com/SETTER2000/shorturl/internal/usecase/encryp/encryp.go:151.16,154.3 2 0
github.com/SETTER2000/shorturl/internal/usecase/encryp/encryp.go:159.34,166.16 3 0
github.com/SETTER2000/shorturl/internal/usecase/encryp/encryp.go:169.2,180.32 8 0
github.com/SETTER2000/shorturl/internal/usecase/encryp/encryp.go:185.2,186.14 2 0
github.com/SETTER2000/shorturl/internal/usecase/encryp/encryp.go:166.16,167.13 1 0
github.com/SETTER2000/shorturl/internal/usecase/encryp/encryp.go:180.32,183.3 2 0
github.com/SETTER2000/shorturl/internal/server/server.go:25.56,40.27 3 0
github.com/SETTER2000/shorturl/internal/server/server.go:44.2,46.10 2 0
github.com/SETTER2000/shorturl/internal/server/server.go:40.27,42.3 1 0
github.com/SETTER2000/shorturl/internal/server/server.go:49.26,50.12 1 0
github.com/SETTER2000/shorturl/internal/server/server.go:50.12,53.3 2 0
github.com/SETTER2000/shorturl/internal/server/server.go:57.40,59.2 1 0
github.com/SETTER2000/shorturl/internal/server/server.go:62.35,67.2 3 0
github.com/SETTER2000/shorturl/internal/app/app.go:28.30,36.70 5 0
github.com/SETTER2000/shorturl/internal/app/app.go:53.2,62.9 7 0
github.com/SETTER2000/shorturl/internal/app/app.go:72.2,75.16 3 0
github.com/SETTER2000/shorturl/internal/app/app.go:36.70,37.28 1 0
github.com/SETTER2000/shorturl/internal/app/app.go:37.28,40.4 2 0
github.com/SETTER2000/shorturl/internal/app/app.go:40.9,43.56 3 0
github.com/SETTER2000/shorturl/internal/app/app.go:43.56,45.5 1 0
github.com/SETTER2000/shorturl/internal/app/app.go:47.8,50.3 2 0
github.com/SETTER2000/shorturl/internal/app/app.go:63.24,64.55 1 0
github.com/SETTER2000/shorturl/internal/app/app.go:67.3,67.46 1 0
github.com/SETTER2000/shorturl/internal/app/app.go:68.36,69.64 1 0
github.com/SETTER2000/shorturl/internal/app/app.go:64.55,66.4 1 0
github.com/SETTER2000/shorturl/internal/app/app.go:75.16,77.3 1 0
github.com/SETTER2000/shorturl/internal/app/app.go:80.16,84.2 3 0
github.com/SETTER2000/shorturl/internal/controller/http/v1/router.go:25.94,56.46 14 0
github.com/SETTER2000/shorturl/internal/controller/http/v1/router.go:64.2,64.48 1 0
github.com/SETTER2000/shorturl/internal/controller/http/v1/router.go:56.46,61.3 3 0
github.com/SETTER2000/shorturl/internal/controller/http/v1/router.go:64.48,66.3 1 0
github.com/SETTER2000/shorturl/internal/controller/http/v1/router.go:67.2,69.3 1 0
github.com/SETTER2000/shorturl/scripts/utils.go:14.35,21.16 5 0
github.com/SETTER2000/shorturl/scripts/utils.go:25.2,28.30 4 0
github.com/SETTER2000/shorturl/scripts/utils.go:31.2,31.40 1 0
github.com/SETTER2000/shorturl/scripts/utils.go:34.2,34.20 1 0
github.com/SETTER2000/shorturl/scripts/utils.go:21.16,23.3 1 0
github.com/SETTER2000/shorturl/scripts/utils.go:28.30,30.3 1 0
github.com/SETTER2000/shorturl/scripts/utils.go:31.40,33.3 1 0
github.com/SETTER2000/shorturl/scripts/utils.go:39.28,41.2 1 0
github.com/SETTER2000/shorturl/scripts/utils.go:44.55,46.2 1 0
github.com/SETTER2000/shorturl/scripts/utils.go:52.65,54.22 2 0
github.com/SETTER2000/shorturl/scripts/utils.go:61.2,61.13 1 0
github.com/SETTER2000/shorturl/scripts/utils.go:54.22,56.16 2 0
github.com/SETTER2000/shorturl/scripts/utils.go:56.16,59.4 2 0
github.com/SETTER2000/shorturl/internal/usecase/repo/shorturl_sql.go:42.42,50.2 1 0
github.com/SETTER2000/shorturl/internal/usecase/repo/shorturl_sql.go:53.54,58.2 2 0
github.com/SETTER2000/shorturl/internal/usecase/repo/shorturl_sql.go:61.70,63.16 2 0
github.com/SETTER2000/shorturl/internal/usecase/repo/shorturl_sql.go:67.2,68.42 2 0
github.com/SETTER2000/shorturl/internal/usecase/repo/shorturl_sql.go:74.2,74.12 1 0
github.com/SETTER2000/shorturl/internal/usecase/repo/shorturl_sql.go:63.16,65.3 1 0
github.com/SETTER2000/shorturl/internal/usecase/repo/shorturl_sql.go:68.42,69.44 1 0
github.com/SETTER2000/shorturl/internal/usecase/repo/shorturl_sql.go:69.44,71.4 1 0
github.com/SETTER2000/shorturl/internal/usecase/repo/shorturl_sql.go:78.69,80.2 1 0
github.com/SETTER2000/shorturl/internal/usecase/repo/shorturl_sql.go:83.54,88.2 2 0
github.com/SETTER2000/shorturl/internal/usecase/repo/shorturl_sql.go:91.89,95.16 4 0
github.com/SETTER2000/shorturl/internal/usecase/repo/shorturl_sql.go:98.2,99.18 2 0
github.com/SETTER2000/shorturl/internal/usecase/repo/shorturl_sql.go:105.2,106.16 2 0
github.com/SETTER2000/shorturl/internal/usecase/repo/shorturl_sql.go:110.2,114.16 5 0
github.com/SETTER2000/shorturl/internal/usecase/repo/shorturl_sql.go:95.16,97.3 1 0
github.com/SETTER2000/shorturl/internal/usecase/repo/shorturl_sql.go:99.18,101.17 2 0
github.com/SETTER2000/shorturl/internal/usecase/repo/shorturl_sql.go:101.17,103.4 1 0
github.com/SETTER2000/shorturl/internal/usecase/repo/shorturl_sql.go:106.16,108.3 1 0
github.com/SETTER2000/shorturl/internal/usecase/repo/shorturl_sql.go:118.83,122.16 4 0
github.com/SETTER2000/shorturl/internal/usecase/repo/shorturl_sql.go:127.2,128.18 2 0
github.com/SETTER2000/shorturl/internal/usecase/repo/shorturl_sql.go:137.2,137.34 1 0
github.com/SETTER2000/shorturl/internal/usecase/repo/shorturl_sql.go:140.2,140.15 1 0
github.com/SETTER2000/shorturl/internal/usecase/repo/shorturl_sql.go:122.16,125.3 2 0
github.com/SETTER2000/shorturl/internal/usecase/repo/shorturl_sql.go:128.18,130.17 2 0
github.com/SETTER2000/shorturl/internal/usecase/repo/shorturl_sql.go:133.3,135.29 3 0
github.com/SETTER2000/shorturl/internal/usecase/repo/shorturl_sql.go:130.17,132.4 1 0
github.com/SETTER2000/shorturl/internal/usecase/repo/shorturl_sql.go:137.34,139.3 1 0
github.com/SETTER2000/shorturl/internal/usecase/repo/shorturl_sql.go:144.67,150.16 3 0
github.com/SETTER2000/shorturl/internal/usecase/repo/shorturl_sql.go:154.2,154.34 1 0
github.com/SETTER2000/shorturl/internal/usecase/repo/shorturl_sql.go:157.2,157.12 1 0
github.com/SETTER2000/shorturl/internal/usecase/repo/shorturl_sql.go:150.16,153.3 2 0
github.com/SETTER2000/shorturl/internal/usecase/repo/shorturl_sql.go:154.34,156.3 1 0
github.com/SETTER2000/shorturl/internal/usecase/repo/shorturl_sql.go:161.48,164.16 3 0
github.com/SETTER2000/shorturl/internal/usecase/repo/shorturl_sql.go:168.2,184.16 6 0
github.com/SETTER2000/shorturl/internal/usecase/repo/shorturl_sql.go:187.2,187.11 1 0
github.com/SETTER2000/shorturl/internal/usecase/repo/shorturl_sql.go:164.16,167.3 2 0
github.com/SETTER2000/shorturl/internal/usecase/repo/shorturl_sql.go:184.16,185.13 1 0
github.com/SETTER2000/shorturl/internal/usecase/repo/shorturl_sql.go:191.30,193.2 1 0
github.com/SETTER2000/shorturl/internal/usecase/repo/shorturl_sql.go:196.30,198.2 1 0
github.com/SETTER2000/shorturl/pkg/log/logger/logger.go:29.32,32.32 2 0
github.com/SETTER2000/shorturl/pkg/log/logger/logger.go:45.2,52.3 4 0
github.com/SETTER2000/shorturl/pkg/log/logger/logger.go:33.15,34.25 1 0
github.com/SETTER2000/shorturl/pkg/log/logger/logger.go:35.14,36.24 1 0
github.com/SETTER2000/shorturl/pkg/log/logger/logger.go:37.14,38.24 1 0
github.com/SETTER2000/shorturl/pkg/log/logger/logger.go:39.15,40.25 1 0
github.com/SETTER2000/shorturl/pkg/log/logger/logger.go:41.10,42.24 1 0
github.com/SETTER2000/shorturl/pkg/log/logger/logger.go:56.66,58.2 1 0
github.com/SETTER2000/shorturl/pkg/log/logger/logger.go:61.60,63.2 1 0
github.com/SETTER2000/shorturl/pkg/log/logger/logger.go:66.60,68.2 1 0
github.com/SETTER2000/shorturl/pkg/log/logger/logger.go:71.66,72.47 1 0
github.com/SETTER2000/shorturl/pkg/log/logger/logger.go:76.2,76.34 1 0
github.com/SETTER2000/shorturl/pkg/log/logger/logger.go:72.47,74.3 1 0
github.com/SETTER2000/shorturl/pkg/log/logger/logger.go:80.66,84.2 2 0
github.com/SETTER2000/shorturl/pkg/log/logger/logger.go:86.59,87.20 1 0
github.com/SETTER2000/shorturl/pkg/log/logger/logger.go:87.20,89.3 1 0
github.com/SETTER2000/shorturl/pkg/log/logger/logger.go:89.8,91.3 1 0
github.com/SETTER2000/shorturl/pkg/log/logger/logger.go:94.78,95.31 1 0
github.com/SETTER2000/shorturl/pkg/log/logger/logger.go:96.13,97.30 1 0
github.com/SETTER2000/shorturl/pkg/log/logger/logger.go:98.14,99.22 1 0
github.com/SETTER2000/shorturl/pkg/log/logger/logger.go:100.10,101.88 1 0
github.com/SETTER2000/shorturl/cmd/shortener/main.go:23.13,26.16 2 0
github.com/SETTER2000/shorturl/cmd/shortener/main.go:32.2,32.23 1 0
github.com/SETTER2000/shorturl/cmd/shortener/main.go:47.2,49.23 2 0
github.com/SETTER2000/shorturl/cmd/shortener/main.go:26.16,29.3 2 0
github.com/SETTER2000/shorturl/cmd/shortener/main.go:32.23,34.17 2 0
github.com/SETTER2000/shorturl/cmd/shortener/main.go:37.3,38.50 2 0
github.com/SETTER2000/shorturl/cmd/shortener/main.go:41.3,41.31 1 0
github.com/SETTER2000/shorturl/cmd/shortener/main.go:34.17,36.4 1 0
github.com/SETTER2000/shorturl/cmd/shortener/main.go:38.50,40.4 1 0
github.com/SETTER2000/shorturl/cmd/shortener/main.go:49.23,51.17 2 0
github.com/SETTER2000/shorturl/cmd/shortener/main.go:54.3,56.51 3 0
github.com/SETTER2000/shorturl/cmd/shortener/main.go:51.17,53.4 1 0
github.com/SETTER2000/shorturl/cmd/shortener/main.go:56.51,58.4 1 0
github.com/SETTER2000/shorturl/internal/usecase/shorturl.go:25.43,29.2 1 0
github.com/SETTER2000/shorturl/internal/usecase/shorturl.go:32.94,35.16 3 0
github.com/SETTER2000/shorturl/internal/usecase/shorturl.go:38.2,38.21 1 0
github.com/SETTER2000/shorturl/internal/usecase/shorturl.go:35.16,37.3 1 0
github.com/SETTER2000/shorturl/internal/usecase/shorturl.go:42.95,46.16 3 0
github.com/SETTER2000/shorturl/internal/usecase/shorturl.go:49.2,49.21 1 0
github.com/SETTER2000/shorturl/internal/usecase/shorturl.go:46.16,48.3 1 0
github.com/SETTER2000/shorturl/internal/usecase/shorturl.go:53.106,56.16 3 0
github.com/SETTER2000/shorturl/internal/usecase/shorturl.go:59.2,59.27 1 0
github.com/SETTER2000/shorturl/internal/usecase/shorturl.go:56.16,58.3 1 0
github.com/SETTER2000/shorturl/internal/usecase/shorturl.go:63.99,65.16 2 0
github.com/SETTER2000/shorturl/internal/usecase/shorturl.go:68.2,68.27 1 0
github.com/SETTER2000/shorturl/internal/usecase/shorturl.go:65.16,67.3 1 0
github.com/SETTER2000/shorturl/internal/usecase/shorturl.go:72.83,74.16 2 0
github.com/SETTER2000/shorturl/internal/usecase/shorturl.go:77.2,77.12 1 0
github.com/SETTER2000/shorturl/internal/usecase/shorturl.go:74.16,76.3 1 0
github.com/SETTER2000/shorturl/internal/usecase/shorturl.go:81.48,83.16 2 0
github.com/SETTER2000/shorturl/internal/usecase/shorturl.go:86.2,86.12 1 0
github.com/SETTER2000/shorturl/internal/usecase/shorturl.go:83.16,85.3 1 0
github.com/SETTER2000/shorturl/internal/usecase/shorturl.go:90.48,92.16 2 0
github.com/SETTER2000/shorturl/internal/usecase/shorturl.go:95.2,95.12 1 0
github.com/SETTER2000/shorturl/internal/usecase/shorturl.go:92.16,94.3 1 0
github.com/SETTER2000/shorturl/internal/usecase/repo/error.go:24.37,26.2 1 0
github.com/SETTER2000/shorturl/internal/usecase/repo/error.go:29.36,34.2 1 0
[...]
github.com/SETTER2000/shorturl/internal/controller/http/v1/shorturl.go:90.17,93.4 2 0
github.com/SETTER2000/shorturl/internal/controller/http/v1/shorturl.go:111.79,114.16 3 0
github.com/SETTER2000/shorturl/internal/controller/http/v1/shorturl.go:118.2,122.16 5 0
github.com/SETTER2000/shorturl/internal/controller/http/v1/shorturl.go:139.2,142.22 4 0
github.com/SETTER2000/shorturl/internal/controller/http/v1/shorturl.go:114.16,117.3 2 0
github.com/SETTER2000/shorturl/internal/controller/http/v1/shorturl.go:122.16,123.44 1 0
github.com/SETTER2000/shorturl/internal/controller/http/v1/shorturl.go:123.44,126.18 3 0
github.com/SETTER2000/shorturl/internal/controller/http/v1/shorturl.go:131.4,133.40 3 0
github.com/SETTER2000/shorturl/internal/controller/http/v1/shorturl.go:126.18,130.5 3 0
github.com/SETTER2000/shorturl/internal/controller/http/v1/shorturl.go:134.9,137.4 2 0
github.com/SETTER2000/shorturl/internal/controller/http/v1/shorturl.go:146.75,149.19 3 0
github.com/SETTER2000/shorturl/internal/controller/http/v1/shorturl.go:152.2,154.16 3 0
github.com/SETTER2000/shorturl/internal/controller/http/v1/shorturl.go:160.2,161.16 2 0
github.com/SETTER2000/shorturl/internal/controller/http/v1/shorturl.go:165.2,167.27 3 0
github.com/SETTER2000/shorturl/internal/controller/http/v1/shorturl.go:172.2,172.16 1 0
github.com/SETTER2000/shorturl/internal/controller/http/v1/shorturl.go:149.19,151.3 1 0
github.com/SETTER2000/shorturl/internal/controller/http/v1/shorturl.go:154.16,158.3 3 0
github.com/SETTER2000/shorturl/internal/controller/http/v1/shorturl.go:161.16,164.3 2 0
github.com/SETTER2000/shorturl/internal/controller/http/v1/shorturl.go:167.27,169.3 1 0
github.com/SETTER2000/shorturl/internal/controller/http/v1/shorturl.go:169.8,171.3 1 0
github.com/SETTER2000/shorturl/internal/controller/http/v1/shorturl.go:184.78,189.16 5 0
github.com/SETTER2000/shorturl/internal/controller/http/v1/shorturl.go:193.2,194.52 2 0
github.com/SETTER2000/shorturl/internal/controller/http/v1/shorturl.go:198.2,200.16 2 0
github.com/SETTER2000/shorturl/internal/controller/http/v1/shorturl.go:216.2,218.16 3 0
github.com/SETTER2000/shorturl/internal/controller/http/v1/shorturl.go:222.2,224.16 3 0
github.com/SETTER2000/shorturl/internal/controller/http/v1/shorturl.go:189.16,192.3 2 0
github.com/SETTER2000/shorturl/internal/controller/http/v1/shorturl.go:194.52,195.13 1 0
github.com/SETTER2000/shorturl/internal/controller/http/v1/shorturl.go:200.16,201.44 1 0
github.com/SETTER2000/shorturl/internal/controller/http/v1/shorturl.go:201.44,205.18 4 0
github.com/SETTER2000/shorturl/internal/controller/http/v1/shorturl.go:208.4,210.40 3 0
github.com/SETTER2000/shorturl/internal/controller/http/v1/shorturl.go:205.18,207.5 1 0
github.com/SETTER2000/shorturl/internal/controller/http/v1/shorturl.go:211.9,214.4 2 0
github.com/SETTER2000/shorturl/internal/controller/http/v1/shorturl.go:218.16,221.3 2 0
github.com/SETTER2000/shorturl/internal/controller/http/v1/shorturl.go:227.76,232.16 5 0
github.com/SETTER2000/shorturl/internal/controller/http/v1/shorturl.go:236.2,236.64 1 0
github.com/SETTER2000/shorturl/internal/controller/http/v1/shorturl.go:240.2,242.39 3 0
github.com/SETTER2000/shorturl/internal/controller/http/v1/shorturl.go:259.2,260.16 2 0
github.com/SETTER2000/shorturl/internal/controller/http/v1/shorturl.go:264.2,266.16 3 0
github.com/SETTER2000/shorturl/internal/controller/http/v1/shorturl.go:232.16,235.3 2 0
github.com/SETTER2000/shorturl/internal/controller/http/v1/shorturl.go:236.64,237.13 1 0
github.com/SETTER2000/shorturl/internal/controller/http/v1/shorturl.go:242.39,246.17 4 0
github.com/SETTER2000/shorturl/internal/controller/http/v1/shorturl.go:254.3,256.22 3 0
github.com/SETTER2000/shorturl/internal/controller/http/v1/shorturl.go:246.17,247.45 1 0
github.com/SETTER2000/shorturl/internal/controller/http/v1/shorturl.go:251.4,252.10 2 0
github.com/SETTER2000/shorturl/internal/controller/http/v1/shorturl.go:247.45,250.5 2 0
github.com/SETTER2000/shorturl/internal/controller/http/v1/shorturl.go:260.16,263.3 2 0
github.com/SETTER2000/shorturl/internal/controller/http/v1/shorturl.go:275.78,278.16 3 0
github.com/SETTER2000/shorturl/internal/controller/http/v1/shorturl.go:282.2,282.52 1 0
github.com/SETTER2000/shorturl/internal/controller/http/v1/shorturl.go:286.2,288.19 3 0
github.com/SETTER2000/shorturl/internal/controller/http/v1/shorturl.go:291.2,298.25 5 0
github.com/SETTER2000/shorturl/internal/controller/http/v1/shorturl.go:303.2,305.37 3 0
github.com/SETTER2000/shorturl/internal/controller/http/v1/shorturl.go:312.2,312.37 1 0
github.com/SETTER2000/shorturl/internal/controller/http/v1/shorturl.go:329.2,331.26 3 0
github.com/SETTER2000/shorturl/internal/controller/http/v1/shorturl.go:278.16,281.3 2 0
github.com/SETTER2000/shorturl/internal/controller/http/v1/shorturl.go:282.52,283.13 1 0
github.com/SETTER2000/shorturl/internal/controller/http/v1/shorturl.go:288.19,290.3 1 0
github.com/SETTER2000/shorturl/internal/controller/http/v1/shorturl.go:298.25,301.3 2 0
github.com/SETTER2000/shorturl/internal/controller/http/v1/shorturl.go:305.37,309.3 3 0
github.com/SETTER2000/shorturl/internal/controller/http/v1/shorturl.go:312.37,314.3 1 0
github.com/SETTER2000/shorturl/internal/controller/http/v1/shorturl.go:334.79,339.12 4 0
github.com/SETTER2000/shorturl/internal/controller/http/v1/shorturl.go:360.2,362.37 3 0
github.com/SETTER2000/shorturl/internal/controller/http/v1/shorturl.go:369.2,369.37 1 0
github.com/SETTER2000/shorturl/internal/controller/http/v1/shorturl.go:373.2,375.26 3 0
github.com/SETTER2000/shorturl/internal/controller/http/v1/shorturl.go:339.12,341.17 2 0
github.com/SETTER2000/shorturl/internal/controller/http/v1/shorturl.go:345.3,345.54 1 0
github.com/SETTER2000/shorturl/internal/controller/http/v1/shorturl.go:348.3,350.20 3 0
github.com/SETTER2000/shorturl/internal/controller/http/v1/shorturl.go:353.3,356.17 4 0
github.com/SETTER2000/shorturl/internal/controller/http/v1/shorturl.go:341.17,344.4 2 0
github.com/SETTER2000/shorturl/internal/controller/http/v1/shorturl.go:345.54,346.14 1 0
github.com/SETTER2000/shorturl/internal/controller/http/v1/shorturl.go:350.20,352.4 1 0
github.com/SETTER2000/shorturl/internal/controller/http/v1/shorturl.go:362.37,366.3 3 0
github.com/SETTER2000/shorturl/internal/controller/http/v1/shorturl.go:369.37,371.3 1 0
github.com/SETTER2000/shorturl/internal/controller/http/v1/shorturl.go:378.83,379.12 1 0
github.com/SETTER2000/shorturl/internal/controller/http/v1/shorturl.go:388.2,388.35 1 0
github.com/SETTER2000/shorturl/internal/controller/http/v1/shorturl.go:379.12,381.24 2 0
github.com/SETTER2000/shorturl/internal/controller/http/v1/shorturl.go:386.3,386.13 1 0
github.com/SETTER2000/shorturl/internal/controller/http/v1/shorturl.go:381.24,385.4 3 0
github.com/SETTER2000/shorturl/internal/controller/http/v1/shorturl.go:390.59,394.12 2 0
github.com/SETTER2000/shorturl/internal/controller/http/v1/shorturl.go:412.2,412.14 1 0
github.com/SETTER2000/shorturl/internal/controller/http/v1/shorturl.go:394.12,397.36 2 0
github.com/SETTER2000/shorturl/internal/controller/http/v1/shorturl.go:408.3,409.15 2 0
github.com/SETTER2000/shorturl/internal/controller/http/v1/shorturl.go:397.36,400.38 2 0
github.com/SETTER2000/shorturl/internal/controller/http/v1/shorturl.go:400.38,402.31 2 0
github.com/SETTER2000/shorturl/internal/controller/http/v1/shorturl.go:402.31,404.6 1 0
github.com/SETTER2000/shorturl/internal/controller/http/v1/shorturl.go:415.65,417.25 2 0
github.com/SETTER2000/shorturl/internal/controller/http/v1/shorturl.go:422.2,422.12 1 0
github.com/SETTER2000/shorturl/internal/controller/http/v1/shorturl.go:444.2,444.12 1 0
github.com/SETTER2000/shorturl/internal/controller/http/v1/shorturl.go:417.25,420.3 2 0
github.com/SETTER2000/shorturl/internal/controller/http/v1/shorturl.go:422.12,423.38 1 0
github.com/SETTER2000/shorturl/internal/controller/http/v1/shorturl.go:429.3,429.21 1 0
github.com/SETTER2000/shorturl/internal/controller/http/v1/shorturl.go:423.38,424.27 1 0
github.com/SETTER2000/shorturl/internal/controller/http/v1/shorturl.go:424.27,426.5 1 0
github.com/SETTER2000/shorturl/internal/controller/http/v1/shorturl.go:429.21,430.21 1 0
github.com/SETTER2000/shorturl/internal/controller/http/v1/shorturl.go:434.4,435.11 2 0
github.com/SETTER2000/shorturl/internal/controller/http/v1/shorturl.go:439.4,440.13 2 0
github.com/SETTER2000/shorturl/internal/controller/http/v1/shorturl.go:430.21,432.5 1 0
github.com/SETTER2000/shorturl/internal/controller/http/v1/shorturl.go:435.11,437.5 1 0
github.com/SETTER2000/shorturl/internal/server/options.go:20.31,21.25 1 0
github.com/SETTER2000/shorturl/internal/server/options.go:21.25,24.3 2 0
github.com/SETTER2000/shorturl/internal/server/options.go:28.48,29.25 1 0
github.com/SETTER2000/shorturl/internal/server/options.go:29.25,31.3 1 0
github.com/SETTER2000/shorturl/internal/server/options.go:35.49,36.25 1 0
github.com/SETTER2000/shorturl/internal/server/options.go:36.25,38.3 1 0
github.com/SETTER2000/shorturl/internal/server/options.go:42.52,43.25 1 0
github.com/SETTER2000/shorturl/internal/server/options.go:43.25,45.3 1 0
github.com/SETTER2000/shorturl/cmd/shortener/main.go:23.13,26.16 2 0
github.com/SETTER2000/shorturl/cmd/shortener/main.go:32.2,32.23 1 0
github.com/SETTER2000/shorturl/cmd/shortener/main.go:47.2,49.23 2 0
github.com/SETTER2000/shorturl/cmd/shortener/main.go:26.16,29.3 2 0
github.com/SETTER2000/shorturl/cmd/shortener/main.go:32.23,34.17 2 0
github.com/SETTER2000/shorturl/cmd/shortener/main.go:37.3,38.50 2 0
github.com/SETTER2000/shorturl/cmd/shortener/main.go:41.3,41.31 1 0
github.com/SETTER2000/shorturl/cmd/shortener/main.go:34.17,36.4 1 0
github.com/SETTER2000/shorturl/cmd/shortener/main.go:38.50,40.4 1 0
github.com/SETTER2000/shorturl/cmd/shortener/main.go:49.23,51.17 2 0
github.com/SETTER2000/shorturl/cmd/shortener/main.go:54.3,56.51 3 0
github.com/SETTER2000/shorturl/cmd/shortener/main.go:51.17,53.4 1 0
github.com/SETTER2000/shorturl/cmd/shortener/main.go:56.51,58.4 1 0
github.com/SETTER2000/shorturl/internal/app/app.go:28.30,36.70 5 0
github.com/SETTER2000/shorturl/internal/app/app.go:53.2,62.9 7 0
github.com/SETTER2000/shorturl/internal/app/app.go:72.2,75.16 3 0
github.com/SETTER2000/shorturl/internal/app/app.go:36.70,37.28 1 0
github.com/SETTER2000/shorturl/internal/app/app.go:37.28,40.4 2 0
github.com/SETTER2000/shorturl/internal/app/app.go:40.9,43.56 3 0
github.com/SETTER2000/shorturl/internal/app/app.go:43.56,45.5 1 0
github.com/SETTER2000/shorturl/internal/app/app.go:47.8,50.3 2 0
github.com/SETTER2000/shorturl/internal/app/app.go:63.24,64.55 1 0
github.com/SETTER2000/shorturl/internal/app/app.go:67.3,67.46 1 0
github.com/SETTER2000/shorturl/internal/app/app.go:68.36,69.64 1 0
github.com/SETTER2000/shorturl/internal/app/app.go:64.55,66.4 1 0
github.com/SETTER2000/shorturl/internal/app/app.go:75.16,77.3 1 0
github.com/SETTER2000/shorturl/internal/app/app.go:80.16,84.2 3 0
github.com/SETTER2000/shorturl/internal/usecase/repo/error.go:24.37,26.2 1 0
github.com/SETTER2000/shorturl/internal/usecase/repo/error.go:29.36,34.2 1 0
github.com/SETTER2000/shorturl/internal/usecase/repo/error.go:37.37,39.2 1 0
github.com/SETTER2000/shorturl/internal/usecase/repo/error.go:42.41,44.2 1 0
github.com/SETTER2000/shorturl/internal/usecase/repo/error.go:53.51,58.2 1 0
github.com/SETTER2000/shorturl/internal/usecase/repo/error.go:61.38,63.2 1 0
github.com/SETTER2000/shorturl/internal/usecase/repo/error.go:66.38,68.2 1 0
github.com/SETTER2000/shorturl/internal/usecase/repo/error.go:71.42,73.2 1 0
github.com/SETTER2000/shorturl/internal/usecase/repo/error.go:83.66,89.2 1 0
github.com/SETTER2000/shorturl/internal/usecase/repo/error.go:92.41,94.2 1 0
github.com/SETTER2000/shorturl/internal/usecase/repo/error.go:97.41,99.2 1 0
github.com/SETTER2000/shorturl/internal/usecase/repo/error.go:102.45,104.2 1 0
github.com/SETTER2000/shorturl/internal/usecase/repo/shorturl_files.go:44.46,53.2 1 0
github.com/SETTER2000/shorturl/internal/usecase/repo/shorturl_files.go:56.48,62.2 2 0
github.com/SETTER2000/shorturl/internal/usecase/repo/shorturl_files.go:64.51,67.2 2 0
github.com/SETTER2000/shorturl/internal/usecase/repo/shorturl_files.go:70.72,74.2 1 0
github.com/SETTER2000/shorturl/internal/usecase/repo/shorturl_files.go:77.71,79.12 2 0
github.com/SETTER2000/shorturl/internal/usecase/repo/shorturl_files.go:83.2,83.26 1 0
github.com/SETTER2000/shorturl/internal/usecase/repo/shorturl_files.go:88.2,88.24 1 0
github.com/SETTER2000/shorturl/internal/usecase/repo/shorturl_files.go:79.12,82.3 2 0
github.com/SETTER2000/shorturl/internal/usecase/repo/shorturl_files.go:83.26,84.40 1 0
github.com/SETTER2000/shorturl/internal/usecase/repo/shorturl_files.go:84.40,86.4 1 0
github.com/SETTER2000/shorturl/internal/usecase/repo/shorturl_files.go:92.34,94.2 1 0
github.com/SETTER2000/shorturl/internal/usecase/repo/shorturl_files.go:97.48,103.2 2 0
github.com/SETTER2000/shorturl/internal/usecase/repo/shorturl_files.go:106.91,108.2 1 0
github.com/SETTER2000/shorturl/internal/usecase/repo/shorturl_files.go:110.76,111.39 1 0
github.com/SETTER2000/shorturl/internal/usecase/repo/shorturl_files.go:120.2,120.16 1 0
github.com/SETTER2000/shorturl/internal/usecase/repo/shorturl_files.go:111.39,112.28 1 0
github.com/SETTER2000/shorturl/internal/usecase/repo/shorturl_files.go:112.28,117.9 5 0
github.com/SETTER2000/shorturl/internal/usecase/repo/shorturl_files.go:124.79,126.26 2 0
github.com/SETTER2000/shorturl/internal/usecase/repo/shorturl_files.go:131.2,131.31 1 0
github.com/SETTER2000/shorturl/internal/usecase/repo/shorturl_files.go:139.2,139.16 1 0
github.com/SETTER2000/shorturl/internal/usecase/repo/shorturl_files.go:126.26,127.33 1 0
github.com/SETTER2000/shorturl/internal/usecase/repo/shorturl_files.go:127.33,129.4 1 0
github.com/SETTER2000/shorturl/internal/usecase/repo/shorturl_files.go:131.31,132.28 1 0
github.com/SETTER2000/shorturl/internal/usecase/repo/shorturl_files.go:132.28,136.9 4 0
github.com/SETTER2000/shorturl/internal/usecase/repo/shorturl_files.go:141.34,143.6 2 0
github.com/SETTER2000/shorturl/internal/usecase/repo/shorturl_files.go:152.2,152.12 1 0
github.com/SETTER2000/shorturl/internal/usecase/repo/shorturl_files.go:143.6,144.49 1 0
github.com/SETTER2000/shorturl/internal/usecase/repo/shorturl_files.go:150.3,150.47 1 0
github.com/SETTER2000/shorturl/internal/usecase/repo/shorturl_files.go:144.49,145.21 1 0
github.com/SETTER2000/shorturl/internal/usecase/repo/shorturl_files.go:148.4,148.14 1 0
github.com/SETTER2000/shorturl/internal/usecase/repo/shorturl_files.go:145.21,146.10 1 0
github.com/SETTER2000/shorturl/internal/usecase/repo/shorturl_files.go:154.70,157.31 3 0
github.com/SETTER2000/shorturl/internal/usecase/repo/shorturl_files.go:164.2,164.15 1 0
github.com/SETTER2000/shorturl/internal/usecase/repo/shorturl_files.go:157.31,158.31 1 0
github.com/SETTER2000/shorturl/internal/usecase/repo/shorturl_files.go:158.31,162.4 3 0
github.com/SETTER2000/shorturl/internal/usecase/repo/shorturl_files.go:168.85,172.2 1 0
github.com/SETTER2000/shorturl/internal/usecase/repo/shorturl_files.go:175.32,176.6 1 0
github.com/SETTER2000/shorturl/internal/usecase/repo/shorturl_files.go:185.2,185.12 1 0
github.com/SETTER2000/shorturl/internal/usecase/repo/shorturl_files.go:176.6,177.50 1 0
github.com/SETTER2000/shorturl/internal/usecase/repo/shorturl_files.go:177.50,178.21 1 0
github.com/SETTER2000/shorturl/internal/usecase/repo/shorturl_files.go:181.4,181.14 1 0
github.com/SETTER2000/shorturl/internal/usecase/repo/shorturl_files.go:178.21,179.10 1 0
github.com/SETTER2000/shorturl/internal/usecase/repo/shorturl_files.go:189.32,192.16 2 0
github.com/SETTER2000/shorturl/internal/usecase/repo/shorturl_files.go:196.2,197.16 2 0
github.com/SETTER2000/shorturl/internal/usecase/repo/shorturl_files.go:201.2,201.32 1 0
github.com/SETTER2000/shorturl/internal/usecase/repo/shorturl_files.go:192.16,194.3 1 0
github.com/SETTER2000/shorturl/internal/usecase/repo/shorturl_files.go:197.16,199.3 1 0
github.com/SETTER2000/shorturl/internal/usecase/repo/shorturl_files.go:205.69,209.2 1 0
github.com/SETTER2000/shorturl/internal/usecase/repo/shorturl_files.go:211.48,212.42 1 0
github.com/SETTER2000/shorturl/internal/usecase/repo/shorturl_files.go:220.2,220.12 1 0
github.com/SETTER2000/shorturl/internal/usecase/repo/shorturl_files.go:212.42,213.34 1 0
github.com/SETTER2000/shorturl/internal/usecase/repo/shorturl_files.go:213.34,214.37 1 0
github.com/SETTER2000/shorturl/internal/usecase/repo/shorturl_files.go:214.37,217.5 1 0
github.com/SETTER2000/shorturl/internal/usecase/repo/shorturl_files.go:224.34,226.2 1 0
github.com/SETTER2000/shorturl/internal/usecase/repo/shorturl_sql.go:42.42,50.2 1 0
github.com/SETTER2000/shorturl/internal/usecase/repo/shorturl_sql.go:53.54,58.2 2 0
github.com/SETTER2000/shorturl/internal/usecase/repo/shorturl_sql.go:61.70,63.16 2 0
github.com/SETTER2000/shorturl/internal/usecase/repo/shorturl_sql.go:67.2,68.42 2 0
github.com/SETTER2000/shorturl/internal/usecase/repo/shorturl_sql.go:74.2,74.12 1 0
github.com/SETTER2000/shorturl/internal/usecase/repo/shorturl_sql.go:63.16,65.3 1 0
github.com/SETTER2000/shorturl/internal/usecase/repo/shorturl_sql.go:68.42,69.44 1 0
github.com/SETTER2000/shorturl/internal/usecase/repo/shorturl_sql.go:69.44,71.4 1 0
github.com/SETTER2000/shorturl/internal/usecase/repo/shorturl_sql.go:78.69,80.2 1 0
github.com/SETTER2000/shorturl/internal/usecase/repo/shorturl_sql.go:83.54,88.2 2 0
github.com/SETTER2000/shorturl/internal/usecase/repo/shorturl_sql.go:91.89,95.16 4 0
github.com/SETTER2000/shorturl/internal/usecase/repo/shorturl_sql.go:98.2,99.18 2 0
github.com/SETTER2000/shorturl/internal/usecase/repo/shorturl_sql.go:105.2,106.16 2 0
github.com/SETTER2000/shorturl/internal/usecase/repo/shorturl_sql.go:110.2,114.16 5 0
github.com/SETTER2000/shorturl/internal/usecase/repo/shorturl_sql.go:95.16,97.3 1 0
github.com/SETTER2000/shorturl/internal/usecase/repo/shorturl_sql.go:99.18,101.17 2 0
github.com/SETTER2000/shorturl/internal/usecase/repo/shorturl_sql.go:101.17,103.4 1 0
github.com/SETTER2000/shorturl/internal/usecase/repo/shorturl_sql.go:106.16,108.3 1 0
github.com/SETTER2000/shorturl/internal/usecase/repo/shorturl_sql.go:118.83,122.16 4 0
github.com/SETTER2000/shorturl/internal/usecase/repo/shorturl_sql.go:127.2,128.18 2 0
github.com/SETTER2000/shorturl/internal/usecase/repo/shorturl_sql.go:137.2,137.34 1 0
github.com/SETTER2000/shorturl/internal/usecase/repo/shorturl_sql.go:140.2,140.15 1 0
github.com/SETTER2000/shorturl/internal/usecase/repo/shorturl_sql.go:122.16,125.3 2 0
github.com/SETTER2000/shorturl/internal/usecase/repo/shorturl_sql.go:128.18,130.17 2 0
github.com/SETTER2000/shorturl/internal/usecase/repo/shorturl_sql.go:133.3,135.29 3 0
github.com/SETTER2000/shorturl/internal/usecase/repo/shorturl_sql.go:130.17,132.4 1 0
github.com/SETTER2000/shorturl/internal/usecase/repo/shorturl_sql.go:137.34,139.3 1 0
github.com/SETTER2000/shorturl/internal/usecase/repo/shorturl_sql.go:144.67,150.16 3 0
github.com/SETTER2000/shorturl/internal/usecase/repo/shorturl_sql.go:154.2,154.34 1 0
github.com/SETTER2000/shorturl/internal/usecase/repo/shorturl_sql.go:157.2,157.12 1 0
github.com/SETTER2000/shorturl/internal/usecase/repo/shorturl_sql.go:150.16,153.3 2 0
github.com/SETTER2000/shorturl/internal/usecase/repo/shorturl_sql.go:154.34,156.3 1 0
github.com/SETTER2000/shorturl/internal/usecase/repo/shorturl_sql.go:161.48,164.16 3 0
github.com/SETTER2000/shorturl/internal/usecase/repo/shorturl_sql.go:168.2,184.16 6 0
github.com/SETTER2000/shorturl/internal/usecase/repo/shorturl_sql.go:187.2,187.11 1 0
github.com/SETTER2000/shorturl/internal/usecase/repo/shorturl_sql.go:164.16,167.3 2 0
github.com/SETTER2000/shorturl/internal/usecase/repo/shorturl_sql.go:184.16,185.13 1 0
github.com/SETTER2000/shorturl/internal/usecase/repo/shorturl_sql.go:191.30,193.2 1 0
github.com/SETTER2000/shorturl/internal/usecase/repo/shorturl_sql.go:196.30,198.2 1 0
